#
# There is insufficient memory for the Java Runtime Environment to continue.
# Native memory allocation (mmap) failed to map 66060288 bytes for committing reserved memory.
# Possible reasons:
#   The system is out of physical RAM or swap space
#   In 32 bit mode, the process size limit was hit
# Possible solutions:
#   Reduce memory load on the system
#   Increase physical memory or swap space
#   Check if swap backing store is full
#   Use 64 bit Java on a 64 bit OS
#   Decrease Java heap size (-Xmx/-Xms)
#   Decrease number of Java threads
#   Decrease Java thread stack sizes (-Xss)
#   Set larger code cache with -XX:ReservedCodeCacheSize=
# This output file may be truncated or incomplete.
#
#  Out of Memory Error (os_linux.cpp:2673), pid=3528, tid=140640598087424
#
# JRE version: Java(TM) SE Runtime Environment (8.0_45-b14) (build 1.8.0_45-b14)
# Java VM: Java HotSpot(TM) 64-Bit Server VM (25.45-b02 mixed mode linux-amd64 compressed oops)
# Failed to write core dump. Core dumps have been disabled. To enable core dumping, try "ulimit -c unlimited" before starting Java again
#

---------------  T H R E A D  ---------------

Current thread (0x00007fe984073800):  VMThread [stack: 0x00007fe970d3d000,0x00007fe970e3e000] [id=3541]

Stack: [0x00007fe970d3d000,0x00007fe970e3e000],  sp=0x00007fe970e3c1e0,  free space=1020k
Native frames: (J=compiled Java code, j=interpreted, Vv=VM code, C=native code)
V  [libjvm.so+0xaac99a]  VMError::report_and_die()+0x2ba
V  [libjvm.so+0x4f333b]  report_vm_out_of_memory(char const*, int, unsigned long, VMErrorType, char const*)+0x8b
V  [libjvm.so+0x90e7c3]  os::Linux::commit_memory_impl(char*, unsigned long, bool)+0x103
V  [libjvm.so+0x90ed19]  os::pd_commit_memory(char*, unsigned long, unsigned long, bool)+0x29
V  [libjvm.so+0x90867a]  os::commit_memory(char*, unsigned long, unsigned long, bool)+0x2a
V  [libjvm.so+0x97bac3]  PSVirtualSpace::expand_by(unsigned long)+0x53
V  [libjvm.so+0x97cec8]  PSYoungGen::resize_generation(unsigned long, unsigned long)+0xf8
V  [libjvm.so+0x97c022]  PSYoungGen::resize(unsigned long, unsigned long)+0x22
V  [libjvm.so+0x9792fb]  PSScavenge::invoke_no_policy()+0xf7b
V  [libjvm.so+0x979a81]  PSScavenge::invoke()+0x41
V  [libjvm.so+0x932050]  ParallelScavengeHeap::failed_mem_allocate(unsigned long)+0x70
V  [libjvm.so+0xaae1d7]  VM_ParallelGCFailedAllocation::doit()+0x97
V  [libjvm.so+0xab59c5]  VM_Operation::evaluate()+0x55
V  [libjvm.so+0xab3d9a]  VMThread::evaluate_operation(VM_Operation*)+0xba
V  [libjvm.so+0xab411e]  VMThread::loop()+0x1ce
V  [libjvm.so+0xab4590]  VMThread::run()+0x70
V  [libjvm.so+0x910de8]  java_start(Thread*)+0x108

VM_Operation (0x00007fe949c9df10): ParallelGCFailedAllocation, mode: safepoint, requested by thread 0x00007fe9841ca000


---------------  P R O C E S S  ---------------

Java Threads: ( => current thread )
  0x00007fe9381ea000 JavaThread "TimerQueue" daemon [_thread_blocked, id=3554, stack(0x00007fe949aa0000,0x00007fe949ba1000)]
  0x00007fe98400a000 JavaThread "DestroyJavaVM" [_thread_blocked, id=3538, stack(0x00007fe98a96e000,0x00007fe98aa6f000)]
  0x00007fe9841ca000 JavaThread "AWT-EventQueue-0" [_thread_blocked, id=3552, stack(0x00007fe949ba1000,0x00007fe949ca2000)]
  0x00007fe9841c8800 JavaThread "AWT-Shutdown" [_thread_blocked, id=3551, stack(0x00007fe949ca2000,0x00007fe949da3000)]
  0x00007fe9841c6000 JavaThread "AWT-XAWT" daemon [_thread_blocked, id=3550, stack(0x00007fe949da3000,0x00007fe949ea4000)]
  0x00007fe9841a6800 JavaThread "Java2D Disposer" daemon [_thread_blocked, id=3549, stack(0x00007fe94a2b4000,0x00007fe94a3b5000)]
  0x00007fe9840bc000 JavaThread "Service Thread" daemon [_thread_blocked, id=3547, stack(0x00007fe970055000,0x00007fe970156000)]
  0x00007fe9840b7000 JavaThread "C1 CompilerThread1" daemon [_thread_blocked, id=3546, stack(0x00007fe970156000,0x00007fe970257000)]
  0x00007fe9840b4000 JavaThread "C2 CompilerThread0" daemon [_thread_blocked, id=3545, stack(0x00007fe970257000,0x00007fe970358000)]
  0x00007fe9840b3000 JavaThread "Signal Dispatcher" daemon [_thread_blocked, id=3544, stack(0x00007fe970358000,0x00007fe970459000)]
  0x00007fe98407a800 JavaThread "Finalizer" daemon [_thread_blocked, id=3543, stack(0x00007fe970b3b000,0x00007fe970c3c000)]
  0x00007fe984078800 JavaThread "Reference Handler" daemon [_thread_blocked, id=3542, stack(0x00007fe970c3c000,0x00007fe970d3d000)]

Other Threads:
=>0x00007fe984073800 VMThread [stack: 0x00007fe970d3d000,0x00007fe970e3e000] [id=3541]
  0x00007fe9840be800 WatcherThread [stack: 0x00007fe94beff000,0x00007fe94c000000] [id=3548]

VM state:at safepoint (normal execution)

VM Mutex/Monitor currently owned by a thread:  ([mutex/lock_event])
[0x00007fe9840062d0] Threads_lock - owner thread: 0x00007fe984073800
[0x00007fe9840067d0] Heap_lock - owner thread: 0x00007fe9841ca000

Heap:
 PSYoungGen      total 66560K, used 301K [0x00000000ebf00000, 0x00000000f0300000, 0x0000000100000000)
  eden space 63488K, 0% used [0x00000000ebf00000,0x00000000ebf00000,0x00000000efd00000)
  from space 3072K, 9% used [0x00000000efd00000,0x00000000efd4b5a0,0x00000000f0000000)
  to   space 3072K, 0% used [0x00000000f0000000,0x00000000f0000000,0x00000000f0300000)
 ParOldGen       total 42496K, used 2663K [0x00000000c3c00000, 0x00000000c6580000, 0x00000000ebf00000)
  object space 42496K, 6% used [0x00000000c3c00000,0x00000000c3e99fa0,0x00000000c6580000)
 Metaspace       used 15380K, capacity 15544K, committed 15872K, reserved 1062912K
  class space    used 1967K, capacity 2022K, committed 2048K, reserved 1048576K

Card table byte_map: [0x00007fe97442a000,0x00007fe97460d000] byte_map_base: 0x00007fe973e0c000

Marking Bits: (ParMarkBitMap*) 0x00007fe989e40760
 Begin Bits: [0x00007fe9723c7000, 0x00007fe9732d7000)
 End Bits:   [0x00007fe9732d7000, 0x00007fe9741e7000)

Polling page: 0x00007fe98aa88000

CodeCache: size=245760Kb used=4652Kb max_used=4652Kb free=241107Kb
 bounds [0x00007fe9749cd000, 0x00007fe974e6d000, 0x00007fe9839cd000]
 total_blobs=1963 nmethods=1394 adapters=484
 compilation: enabled

Compilation events (10 events):
Event: 21.604 Thread 0x00007fe9840b4000 1390 %     4       java.util.regex.Pattern$Curly::match0 @ 61 (174 bytes)
Event: 21.640 Thread 0x00007fe9840b7000 1392 %     3       sun.nio.cs.UTF_8$Decoder::decodeArrayLoop @ 73 (691 bytes)
Event: 21.647 Thread 0x00007fe9840b4000 nmethod 1390% 0x00007fe974e3e090 code [0x00007fe974e3e280, 0x00007fe974e3ed98]
Event: 21.647 Thread 0x00007fe9840b4000 1393       4       java.util.regex.Pattern$BitClass::isSatisfiedBy (22 bytes)
Event: 21.649 Thread 0x00007fe9840b4000 nmethod 1393 0x00007fe974e42910 code [0x00007fe974e42a60, 0x00007fe974e42b18]
Event: 21.658 Thread 0x00007fe9840b7000 nmethod 1392% 0x00007fe974e44390 code [0x00007fe974e44d60, 0x00007fe974e4b888]
Event: 21.660 Thread 0x00007fe9840b4000 1394       4       java.util.regex.Pattern$Branch::match (66 bytes)
Event: 21.663 Thread 0x00007fe9840b4000 nmethod 1394 0x00007fe974e42510 code [0x00007fe974e42660, 0x00007fe974e427b8]
Event: 21.663 Thread 0x00007fe9840b7000 1395       3       sun.nio.cs.UTF_8$Decoder::decodeArrayLoop (691 bytes)
Event: 21.671 Thread 0x00007fe9840b7000 nmethod 1395 0x00007fe974e528d0 code [0x00007fe974e53220, 0x00007fe974e59948]

GC Heap History (10 events):
Event: 21.532 GC heap after
Heap after GC invocations=2 (full 0):
 PSYoungGen      total 18432K, used 2559K [0x00000000ebf00000, 0x00000000ee300000, 0x0000000100000000)
  eden space 15872K, 0% used [0x00000000ebf00000,0x00000000ebf00000,0x00000000ece80000)
  from space 2560K, 99% used [0x00000000ed100000,0x00000000ed37fe10,0x00000000ed380000)
  to   space 2560K, 0% used [0x00000000ece80000,0x00000000ece80000,0x00000000ed100000)
 ParOldGen       total 42496K, used 172K [0x00000000c3c00000, 0x00000000c6580000, 0x00000000ebf00000)
  object space 42496K, 0% used [0x00000000c3c00000,0x00000000c3c2b348,0x00000000c6580000)
 Metaspace       used 15360K, capacity 15544K, committed 15872K, reserved 1062912K
  class space    used 1967K, capacity 2022K, committed 2048K, reserved 1048576K
}
Event: 21.543 GC heap before
{Heap before GC invocations=3 (full 0):
 PSYoungGen      total 18432K, used 18431K [0x00000000ebf00000, 0x00000000ee300000, 0x0000000100000000)
  eden space 15872K, 100% used [0x00000000ebf00000,0x00000000ece80000,0x00000000ece80000)
  from space 2560K, 99% used [0x00000000ed100000,0x00000000ed37fe10,0x00000000ed380000)
  to   space 2560K, 0% used [0x00000000ece80000,0x00000000ece80000,0x00000000ed100000)
 ParOldGen       total 42496K, used 172K [0x00000000c3c00000, 0x00000000c6580000, 0x00000000ebf00000)
  object space 42496K, 0% used [0x00000000c3c00000,0x00000000c3c2b348,0x00000000c6580000)
 Metaspace       used 15368K, capacity 15544K, committed 15872K, reserved 1062912K
  class space    used 1967K, capacity 2022K, committed 2048K, reserved 1048576K
Event: 21.549 GC heap after
Heap after GC invocations=3 (full 0):
 PSYoungGen      total 18432K, used 2554K [0x00000000ebf00000, 0x00000000ee300000, 0x0000000100000000)
  eden space 15872K, 0% used [0x00000000ebf00000,0x00000000ebf00000,0x00000000ece80000)
  from space 2560K, 99% used [0x00000000ece80000,0x00000000ed0fe880,0x00000000ed100000)
  to   space 2560K, 0% used [0x00000000ee080000,0x00000000ee080000,0x00000000ee300000)
 ParOldGen       total 42496K, used 196K [0x00000000c3c00000, 0x00000000c6580000, 0x00000000ebf00000)
  object space 42496K, 0% used [0x00000000c3c00000,0x00000000c3c31348,0x00000000c6580000)
 Metaspace       used 15368K, capacity 15544K, committed 15872K, reserved 1062912K
  class space    used 1967K, capacity 2022K, committed 2048K, reserved 1048576K
}
Event: 21.560 GC heap before
{Heap before GC invocations=4 (full 0):
 PSYoungGen      total 18432K, used 18425K [0x00000000ebf00000, 0x00000000ee300000, 0x0000000100000000)
  eden space 15872K, 99% used [0x00000000ebf00000,0x00000000ece7ff70,0x00000000ece80000)
  from space 2560K, 99% used [0x00000000ece80000,0x00000000ed0fe880,0x00000000ed100000)
  to   space 2560K, 0% used [0x00000000ee080000,0x00000000ee080000,0x00000000ee300000)
 ParOldGen       total 42496K, used 196K [0x00000000c3c00000, 0x00000000c6580000, 0x00000000ebf00000)
  object space 42496K, 0% used [0x00000000c3c00000,0x00000000c3c31348,0x00000000c6580000)
 Metaspace       used 15370K, capacity 15544K, committed 15872K, reserved 1062912K
  class space    used 1967K, capacity 2022K, committed 2048K, reserved 1048576K
Event: 21.567 GC heap after
Heap after GC invocations=4 (full 0):
 PSYoungGen      total 34304K, used 2559K [0x00000000ebf00000, 0x00000000ee300000, 0x0000000100000000)
  eden space 31744K, 0% used [0x00000000ebf00000,0x00000000ebf00000,0x00000000ede00000)
  from space 2560K, 99% used [0x00000000ee080000,0x00000000ee2ffcb0,0x00000000ee300000)
  to   space 2560K, 0% used [0x00000000ede00000,0x00000000ede00000,0x00000000ee080000)
 ParOldGen       total 42496K, used 292K [0x00000000c3c00000, 0x00000000c6580000, 0x00000000ebf00000)
  object space 42496K, 0% used [0x00000000c3c00000,0x00000000c3c49348,0x00000000c6580000)
 Metaspace       used 15370K, capacity 15544K, committed 15872K, reserved 1062912K
  class space    used 1967K, capacity 2022K, committed 2048K, reserved 1048576K
}
Event: 21.591 GC heap before
{Heap before GC invocations=5 (full 0):
 PSYoungGen      total 34304K, used 34147K [0x00000000ebf00000, 0x00000000ee300000, 0x0000000100000000)
  eden space 31744K, 99% used [0x00000000ebf00000,0x00000000eddd9268,0x00000000ede00000)
  from space 2560K, 99% used [0x00000000ee080000,0x00000000ee2ffcb0,0x00000000ee300000)
  to   space 2560K, 0% used [0x00000000ede00000,0x00000000ede00000,0x00000000ee080000)
 ParOldGen       total 42496K, used 292K [0x00000000c3c00000, 0x00000000c6580000, 0x00000000ebf00000)
  object space 42496K, 0% used [0x00000000c3c00000,0x00000000c3c49348,0x00000000c6580000)
 Metaspace       used 15373K, capacity 15544K, committed 15872K, reserved 1062912K
  class space    used 1967K, capacity 2022K, committed 2048K, reserved 1048576K
Event: 21.600 GC heap after
Heap after GC invocations=5 (full 0):
 PSYoungGen      total 34304K, used 2532K [0x00000000ebf00000, 0x00000000f0300000, 0x0000000100000000)
  eden space 31744K, 0% used [0x00000000ebf00000,0x00000000ebf00000,0x00000000ede00000)
  from space 2560K, 98% used [0x00000000ede00000,0x00000000ee079070,0x00000000ee080000)
  to   space 3072K, 0% used [0x00000000f0000000,0x00000000f0000000,0x00000000f0300000)
 ParOldGen       total 42496K, used 308K [0x00000000c3c00000, 0x00000000c6580000, 0x00000000ebf00000)
  object space 42496K, 0% used [0x00000000c3c00000,0x00000000c3c4d348,0x00000000c6580000)
 Metaspace       used 15373K, capacity 15544K, committed 15872K, reserved 1062912K
  class space    used 1967K, capacity 2022K, committed 2048K, reserved 1048576K
}
Event: 21.620 GC heap before
{Heap before GC invocations=6 (full 0):
 PSYoungGen      total 34304K, used 34142K [0x00000000ebf00000, 0x00000000f0300000, 0x0000000100000000)
  eden space 31744K, 99% used [0x00000000ebf00000,0x00000000eddde978,0x00000000ede00000)
  from space 2560K, 98% used [0x00000000ede00000,0x00000000ee079070,0x00000000ee080000)
  to   space 3072K, 0% used [0x00000000f0000000,0x00000000f0000000,0x00000000f0300000)
 ParOldGen       total 42496K, used 308K [0x00000000c3c00000, 0x00000000c6580000, 0x00000000ebf00000)
  object space 42496K, 0% used [0x00000000c3c00000,0x00000000c3c4d348,0x00000000c6580000)
 Metaspace       used 15373K, capacity 15544K, committed 15872K, reserved 1062912K
  class space    used 1967K, capacity 2022K, committed 2048K, reserved 1048576K
Event: 21.627 GC heap after
Heap after GC invocations=6 (full 0):
 PSYoungGen      total 66560K, used 2592K [0x00000000ebf00000, 0x00000000f0300000, 0x0000000100000000)
  eden space 63488K, 0% used [0x00000000ebf00000,0x00000000ebf00000,0x00000000efd00000)
  from space 3072K, 84% used [0x00000000f0000000,0x00000000f0288240,0x00000000f0300000)
  to   space 3072K, 0% used [0x00000000efd00000,0x00000000efd00000,0x00000000f0000000)
 ParOldGen       total 42496K, used 316K [0x00000000c3c00000, 0x00000000c6580000, 0x00000000ebf00000)
  object space 42496K, 0% used [0x00000000c3c00000,0x00000000c3c4f348,0x00000000c6580000)
 Metaspace       used 15373K, capacity 15544K, committed 15872K, reserved 1062912K
  class space    used 1967K, capacity 2022K, committed 2048K, reserved 1048576K
}
Event: 21.679 GC heap before
{Heap before GC invocations=7 (full 0):
 PSYoungGen      total 66560K, used 65999K [0x00000000ebf00000, 0x00000000f0300000, 0x0000000100000000)
  eden space 63488K, 99% used [0x00000000ebf00000,0x00000000efceba68,0x00000000efd00000)
  from space 3072K, 84% used [0x00000000f0000000,0x00000000f0288240,0x00000000f0300000)
  to   space 3072K, 0% used [0x00000000efd00000,0x00000000efd00000,0x00000000f0000000)
 ParOldGen       total 42496K, used 316K [0x00000000c3c00000, 0x00000000c6580000, 0x00000000ebf00000)
  object space 42496K, 0% used [0x00000000c3c00000,0x00000000c3c4f348,0x00000000c6580000)
 Metaspace       used 15380K, capacity 15544K, committed 15872K, reserved 1062912K
  class space    used 1967K, capacity 2022K, committed 2048K, reserved 1048576K

Deoptimization events (6 events):
Event: 2.213 Thread 0x00007fe9841ca000 Uncommon trap: reason=null_check action=make_not_entrant pc=0x00007fe974b49fc4 method=java.lang.String.equals(Ljava/lang/Object;)Z @ 8
Event: 9.271 Thread 0x00007fe9841ca000 Uncommon trap: reason=class_check action=maybe_recompile pc=0x00007fe974b5fdf0 method=java.lang.String.equals(Ljava/lang/Object;)Z @ 8
Event: 9.271 Thread 0x00007fe9841ca000 Uncommon trap: reason=class_check action=maybe_recompile pc=0x00007fe974b5fdf0 method=java.lang.String.equals(Ljava/lang/Object;)Z @ 8
Event: 9.297 Thread 0x00007fe9841ca000 Uncommon trap: reason=class_check action=maybe_recompile pc=0x00007fe974b5fdf0 method=java.lang.String.equals(Ljava/lang/Object;)Z @ 8
Event: 9.299 Thread 0x00007fe9841ca000 Uncommon trap: reason=class_check action=maybe_recompile pc=0x00007fe974b5fdf0 method=java.lang.String.equals(Ljava/lang/Object;)Z @ 8
Event: 21.550 Thread 0x00007fe9841ca000 Uncommon trap: reason=class_check action=maybe_recompile pc=0x00007fe974e27d64 method=java.util.regex.Pattern$CharProperty.match(Ljava/util/regex/Matcher;ILjava/lang/CharSequence;)Z @ 37

Internal exceptions (10 events):
Event: 0.881 Thread 0x00007fe98400a000 Exception <a 'java/security/PrivilegedActionException'> (0x00000000ebfea3d0) thrown at [/RE-WORK/workspace/8-2-build-linux-amd64/jdk8u45/3457/hotspot/src/share/vm/prims/jvm.cpp, line 1382]
Event: 0.882 Thread 0x00007fe98400a000 Exception <a 'java/security/PrivilegedActionException'> (0x00000000ebfec8f0) thrown at [/RE-WORK/workspace/8-2-build-linux-amd64/jdk8u45/3457/hotspot/src/share/vm/prims/jvm.cpp, line 1382]
Event: 0.882 Thread 0x00007fe98400a000 Exception <a 'java/security/PrivilegedActionException'> (0x00000000ebfecaa8) thrown at [/RE-WORK/workspace/8-2-build-linux-amd64/jdk8u45/3457/hotspot/src/share/vm/prims/jvm.cpp, line 1382]
Event: 1.175 Thread 0x00007fe98400a000 Exception <a 'java/io/FileNotFoundException'> (0x00000000ec0431f8) thrown at [/RE-WORK/workspace/8-2-build-linux-amd64/jdk8u45/3457/hotspot/src/share/vm/prims/jni.cpp, line 709]
Event: 1.175 Thread 0x00007fe98400a000 Exception <a 'java/io/FileNotFoundException'> (0x00000000ec043b70) thrown at [/RE-WORK/workspace/8-2-build-linux-amd64/jdk8u45/3457/hotspot/src/share/vm/prims/jni.cpp, line 709]
Event: 1.741 Thread 0x00007fe98400a000 Exception <a 'java/lang/NoSuchFieldError': method resolution failed> (0x00000000ec14efc0) thrown at [/RE-WORK/workspace/8-2-build-linux-amd64/jdk8u45/3457/hotspot/src/share/vm/prims/methodHandles.cpp, line 1125]
Event: 1.744 Thread 0x00007fe98400a000 Exception <a 'java/lang/NoSuchFieldError': method resolution failed> (0x00000000ec15da00) thrown at [/RE-WORK/workspace/8-2-build-linux-amd64/jdk8u45/3457/hotspot/src/share/vm/prims/methodHandles.cpp, line 1125]
Event: 2.213 Thread 0x00007fe9841ca000 Implicit null exception at 0x00007fe974b49de2 to 0x00007fe974b49fb5
Event: 5.755 Thread 0x00007fe9841ca000 Exception <a 'java/lang/UnsupportedOperationException': > (0x00000000ec639588) thrown at [/RE-WORK/workspace/8-2-build-linux-amd64/jdk8u45/3457/hotspot/src/share/vm/prims/jni.cpp, line 735]
Event: 15.259 Thread 0x00007fe9841ca000 Exception <a 'java/lang/UnsupportedOperationException': > (0x00000000ec92b190) thrown at [/RE-WORK/workspace/8-2-build-linux-amd64/jdk8u45/3457/hotspot/src/share/vm/prims/jni.cpp, line 735]

Events (10 events):
Event: 21.550 Thread 0x00007fe9841ca000 Uncommon trap: trap_request=0xffffffde fr.pc=0x00007fe974e27d64
Event: 21.550 Thread 0x00007fe9841ca000 DEOPT PACKING pc=0x00007fe974e27d64 sp=0x00007fe949c9db20
Event: 21.550 Thread 0x00007fe9841ca000 DEOPT UNPACKING pc=0x00007fe9749d1f69 sp=0x00007fe949c9dad8 mode 2
Event: 21.559 Executing VM operation: ParallelGCFailedAllocation
Event: 21.567 Executing VM operation: ParallelGCFailedAllocation done
Event: 21.591 Executing VM operation: ParallelGCFailedAllocation
Event: 21.600 Executing VM operation: ParallelGCFailedAllocation done
Event: 21.620 Executing VM operation: ParallelGCFailedAllocation
Event: 21.627 Executing VM operation: ParallelGCFailedAllocation done
Event: 21.679 Executing VM operation: ParallelGCFailedAllocation


Dynamic libraries:
00400000-00401000 r-xp 00000000 08:06 136541                             /home/turner/Downloads/eclipse/jre/bin/java
00600000-00601000 rw-p 00000000 08:06 136541                             /home/turner/Downloads/eclipse/jre/bin/java
01cbb000-01f84000 rw-p 00000000 00:00 0                                  [heap]
c3c00000-c6580000 rw-p 00000000 00:00 0 
c6580000-ebf00000 ---p 00000000 00:00 0 
ebf00000-f0300000 rw-p 00000000 00:00 0 
f4200000-100000000 ---p 00000000 00:00 0 
100000000-100200000 rw-p 00000000 00:00 0 
100200000-140000000 ---p 00000000 00:00 0 
7fe934000000-7fe934021000 rw-p 00000000 00:00 0 
7fe934021000-7fe938000000 ---p 00000000 00:00 0 
7fe938000000-7fe9383cd000 rw-p 00000000 00:00 0 
7fe9383cd000-7fe93c000000 ---p 00000000 00:00 0 
7fe93c000000-7fe93c021000 rw-p 00000000 00:00 0 
7fe93c021000-7fe940000000 ---p 00000000 00:00 0 
7fe940000000-7fe94002d000 rw-p 00000000 00:00 0 
7fe94002d000-7fe944000000 ---p 00000000 00:00 0 
7fe944000000-7fe944021000 rw-p 00000000 00:00 0 
7fe944021000-7fe948000000 ---p 00000000 00:00 0 
7fe9489b1000-7fe9489b4000 ---p 00000000 00:00 0 
7fe9489b4000-7fe948ab2000 rw-p 00000000 00:00 0 
7fe948ab2000-7fe948ab5000 ---p 00000000 00:00 0 
7fe948ab5000-7fe948bb3000 rw-p 00000000 00:00 0 
7fe948bb3000-7fe948bb6000 ---p 00000000 00:00 0 
7fe948bb6000-7fe948e34000 rw-p 00000000 00:00 0 
7fe948e34000-7fe948eb7000 ---p 00000000 00:00 0 
7fe948eb7000-7fe948fb5000 rw-p 00000000 00:00 0 
7fe948fb5000-7fe948fc8000 r--s 00344000 08:06 136734                     /home/turner/Downloads/eclipse/jre/lib/resources.jar
7fe948fc8000-7fe949031000 r-xp 00000000 08:06 136782                     /home/turner/Downloads/eclipse/jre/lib/amd64/libt2k.so
7fe949031000-7fe949230000 ---p 00069000 08:06 136782                     /home/turner/Downloads/eclipse/jre/lib/amd64/libt2k.so
7fe949230000-7fe949237000 rw-p 00068000 08:06 136782                     /home/turner/Downloads/eclipse/jre/lib/amd64/libt2k.so
7fe949237000-7fe949247000 rw-p 00000000 00:00 0 
7fe949247000-7fe949258000 r-xp 00000000 08:06 136760                     /home/turner/Downloads/eclipse/jre/lib/amd64/libnio.so
7fe949258000-7fe949457000 ---p 00011000 08:06 136760                     /home/turner/Downloads/eclipse/jre/lib/amd64/libnio.so
7fe949457000-7fe949458000 rw-p 00010000 08:06 136760                     /home/turner/Downloads/eclipse/jre/lib/amd64/libnio.so
7fe949458000-7fe949489000 rw-p 00000000 00:00 0 
7fe949489000-7fe94949f000 r-xp 00000000 08:06 136786                     /home/turner/Downloads/eclipse/jre/lib/amd64/libnet.so
7fe94949f000-7fe94969f000 ---p 00016000 08:06 136786                     /home/turner/Downloads/eclipse/jre/lib/amd64/libnet.so
7fe94969f000-7fe9496a0000 rw-p 00016000 08:06 136786                     /home/turner/Downloads/eclipse/jre/lib/amd64/libnet.so
7fe9496a0000-7fe9498a0000 rw-p 00000000 00:00 0 
7fe9498a0000-7fe949aa0000 rw-p 00000000 00:00 0 
7fe949aa0000-7fe949aa3000 ---p 00000000 00:00 0 
7fe949aa3000-7fe949ba1000 rw-p 00000000 00:00 0                          [stack:3554]
7fe949ba1000-7fe949ba4000 ---p 00000000 00:00 0 
7fe949ba4000-7fe949ca2000 rw-p 00000000 00:00 0                          [stack:3552]
7fe949ca2000-7fe949ca5000 ---p 00000000 00:00 0 
7fe949ca5000-7fe949da3000 rw-p 00000000 00:00 0                          [stack:3551]
7fe949da3000-7fe949da6000 ---p 00000000 00:00 0 
7fe949da6000-7fe949ea4000 rw-p 00000000 00:00 0                          [stack:3550]
7fe949ea4000-7fe949ea9000 r-xp 00000000 08:06 271735                     /usr/lib/x86_64-linux-gnu/libXfixes.so.3.1.0
7fe949ea9000-7fe94a0a8000 ---p 00005000 08:06 271735                     /usr/lib/x86_64-linux-gnu/libXfixes.so.3.1.0
7fe94a0a8000-7fe94a0a9000 r--p 00004000 08:06 271735                     /usr/lib/x86_64-linux-gnu/libXfixes.so.3.1.0
7fe94a0a9000-7fe94a0aa000 rw-p 00005000 08:06 271735                     /usr/lib/x86_64-linux-gnu/libXfixes.so.3.1.0
7fe94a0aa000-7fe94a0b3000 r-xp 00000000 08:06 271727                     /usr/lib/x86_64-linux-gnu/libXcursor.so.1.0.2
7fe94a0b3000-7fe94a2b2000 ---p 00009000 08:06 271727                     /usr/lib/x86_64-linux-gnu/libXcursor.so.1.0.2
7fe94a2b2000-7fe94a2b3000 r--p 00008000 08:06 271727                     /usr/lib/x86_64-linux-gnu/libXcursor.so.1.0.2
7fe94a2b3000-7fe94a2b4000 rw-p 00009000 08:06 271727                     /usr/lib/x86_64-linux-gnu/libXcursor.so.1.0.2
7fe94a2b4000-7fe94a2b7000 ---p 00000000 00:00 0 
7fe94a2b7000-7fe94a3b5000 rw-p 00000000 00:00 0                          [stack:3549]
7fe94a3b5000-7fe94a3cb000 r-xp 00000000 08:06 918375                     /lib/x86_64-linux-gnu/libgcc_s.so.1
7fe94a3cb000-7fe94a5ca000 ---p 00016000 08:06 918375                     /lib/x86_64-linux-gnu/libgcc_s.so.1
7fe94a5ca000-7fe94a5cb000 rw-p 00015000 08:06 918375                     /lib/x86_64-linux-gnu/libgcc_s.so.1
7fe94a5cb000-7fe94a630000 r-xp 00000000 08:06 136816                     /home/turner/Downloads/eclipse/jre/lib/amd64/libfontmanager.so
7fe94a630000-7fe94a82f000 ---p 00065000 08:06 136816                     /home/turner/Downloads/eclipse/jre/lib/amd64/libfontmanager.so
7fe94a82f000-7fe94a834000 rw-p 00064000 08:06 136816                     /home/turner/Downloads/eclipse/jre/lib/amd64/libfontmanager.so
7fe94a834000-7fe94a844000 rw-p 00000000 00:00 0 
7fe94a844000-7fe94a849000 r-xp 00000000 08:06 271731                     /usr/lib/x86_64-linux-gnu/libXdmcp.so.6.0.0
7fe94a849000-7fe94aa48000 ---p 00005000 08:06 271731                     /usr/lib/x86_64-linux-gnu/libXdmcp.so.6.0.0
7fe94aa48000-7fe94aa49000 r--p 00004000 08:06 271731                     /usr/lib/x86_64-linux-gnu/libXdmcp.so.6.0.0
7fe94aa49000-7fe94aa4a000 rw-p 00005000 08:06 271731                     /usr/lib/x86_64-linux-gnu/libXdmcp.so.6.0.0
7fe94aa4a000-7fe94aa4c000 r-xp 00000000 08:06 271720                     /usr/lib/x86_64-linux-gnu/libXau.so.6.0.0
7fe94aa4c000-7fe94ac4c000 ---p 00002000 08:06 271720                     /usr/lib/x86_64-linux-gnu/libXau.so.6.0.0
7fe94ac4c000-7fe94ac4d000 r--p 00002000 08:06 271720                     /usr/lib/x86_64-linux-gnu/libXau.so.6.0.0
7fe94ac4d000-7fe94ac4e000 rw-p 00003000 08:06 271720                     /usr/lib/x86_64-linux-gnu/libXau.so.6.0.0
7fe94ac4e000-7fe94ac6b000 r-xp 00000000 08:06 272790                     /usr/lib/x86_64-linux-gnu/libxcb.so.1.1.0
7fe94ac6b000-7fe94ae6b000 ---p 0001d000 08:06 272790                     /usr/lib/x86_64-linux-gnu/libxcb.so.1.1.0
7fe94ae6b000-7fe94ae6c000 r--p 0001d000 08:06 272790                     /usr/lib/x86_64-linux-gnu/libxcb.so.1.1.0
7fe94ae6c000-7fe94ae6d000 rw-p 0001e000 08:06 272790                     /usr/lib/x86_64-linux-gnu/libxcb.so.1.1.0
7fe94ae6d000-7fe94ae7c000 r-xp 00000000 08:06 271741                     /usr/lib/x86_64-linux-gnu/libXi.so.6.1.0
7fe94ae7c000-7fe94b07b000 ---p 0000f000 08:06 271741                     /usr/lib/x86_64-linux-gnu/libXi.so.6.1.0
7fe94b07b000-7fe94b07c000 r--p 0000e000 08:06 271741                     /usr/lib/x86_64-linux-gnu/libXi.so.6.1.0
7fe94b07c000-7fe94b07d000 rw-p 0000f000 08:06 271741                     /usr/lib/x86_64-linux-gnu/libXi.so.6.1.0
7fe94b07d000-7fe94b082000 r-xp 00000000 08:06 271761                     /usr/lib/x86_64-linux-gnu/libXtst.so.6.1.0
7fe94b082000-7fe94b281000 ---p 00005000 08:06 271761                     /usr/lib/x86_64-linux-gnu/libXtst.so.6.1.0
7fe94b281000-7fe94b282000 r--p 00004000 08:06 271761                     /usr/lib/x86_64-linux-gnu/libXtst.so.6.1.0
7fe94b282000-7fe94b283000 rw-p 00005000 08:06 271761                     /usr/lib/x86_64-linux-gnu/libXtst.so.6.1.0
7fe94b283000-7fe94b28c000 r-xp 00000000 08:06 271755                     /usr/lib/x86_64-linux-gnu/libXrender.so.1.3.0
7fe94b28c000-7fe94b48b000 ---p 00009000 08:06 271755                     /usr/lib/x86_64-linux-gnu/libXrender.so.1.3.0
7fe94b48b000-7fe94b48c000 r--p 00008000 08:06 271755                     /usr/lib/x86_64-linux-gnu/libXrender.so.1.3.0
7fe94b48c000-7fe94b48d000 rw-p 00009000 08:06 271755                     /usr/lib/x86_64-linux-gnu/libXrender.so.1.3.0
7fe94b48d000-7fe94b5bd000 r-xp 00000000 08:06 271716                     /usr/lib/x86_64-linux-gnu/libX11.so.6.3.0
7fe94b5bd000-7fe94b7bd000 ---p 00130000 08:06 271716                     /usr/lib/x86_64-linux-gnu/libX11.so.6.3.0
7fe94b7bd000-7fe94b7be000 r--p 00130000 08:06 271716                     /usr/lib/x86_64-linux-gnu/libX11.so.6.3.0
7fe94b7be000-7fe94b7c2000 rw-p 00131000 08:06 271716                     /usr/lib/x86_64-linux-gnu/libX11.so.6.3.0
7fe94b7c2000-7fe94b7d3000 r-xp 00000000 08:06 271733                     /usr/lib/x86_64-linux-gnu/libXext.so.6.4.0
7fe94b7d3000-7fe94b9d2000 ---p 00011000 08:06 271733                     /usr/lib/x86_64-linux-gnu/libXext.so.6.4.0
7fe94b9d2000-7fe94b9d3000 r--p 00010000 08:06 271733                     /usr/lib/x86_64-linux-gnu/libXext.so.6.4.0
7fe94b9d3000-7fe94b9d4000 rw-p 00011000 08:06 271733                     /usr/lib/x86_64-linux-gnu/libXext.so.6.4.0
7fe94b9d4000-7fe94ba28000 r-xp 00000000 08:06 136757                     /home/turner/Downloads/eclipse/jre/lib/amd64/libawt_xawt.so
7fe94ba28000-7fe94bc28000 ---p 00054000 08:06 136757                     /home/turner/Downloads/eclipse/jre/lib/amd64/libawt_xawt.so
7fe94bc28000-7fe94bc2c000 rw-p 00054000 08:06 136757                     /home/turner/Downloads/eclipse/jre/lib/amd64/libawt_xawt.so
7fe94bc2c000-7fe94bc2d000 rw-p 00000000 00:00 0 
7fe94bc2d000-7fe94bccf000 r-xp 00000000 08:06 136793                     /home/turner/Downloads/eclipse/jre/lib/amd64/libawt.so
7fe94bccf000-7fe94becf000 ---p 000a2000 08:06 136793                     /home/turner/Downloads/eclipse/jre/lib/amd64/libawt.so
7fe94becf000-7fe94bedb000 rw-p 000a2000 08:06 136793                     /home/turner/Downloads/eclipse/jre/lib/amd64/libawt.so
7fe94bedb000-7fe94beff000 rw-p 00000000 00:00 0 
7fe94beff000-7fe94bf00000 ---p 00000000 00:00 0 
7fe94bf00000-7fe94c000000 rw-p 00000000 00:00 0                          [stack:3548]
7fe94c000000-7fe94c663000 rw-p 00000000 00:00 0 
7fe94c663000-7fe950000000 ---p 00000000 00:00 0 
7fe950000000-7fe950021000 rw-p 00000000 00:00 0 
7fe950021000-7fe954000000 ---p 00000000 00:00 0 
7fe954000000-7fe954021000 rw-p 00000000 00:00 0 
7fe954021000-7fe958000000 ---p 00000000 00:00 0 
7fe958000000-7fe95820f000 rw-p 00000000 00:00 0 
7fe95820f000-7fe95c000000 ---p 00000000 00:00 0 
7fe95c000000-7fe95c021000 rw-p 00000000 00:00 0 
7fe95c021000-7fe960000000 ---p 00000000 00:00 0 
7fe960000000-7fe960021000 rw-p 00000000 00:00 0 
7fe960021000-7fe964000000 ---p 00000000 00:00 0 
7fe964000000-7fe964021000 rw-p 00000000 00:00 0 
7fe964021000-7fe968000000 ---p 00000000 00:00 0 
7fe968000000-7fe968289000 rw-p 00000000 00:00 0 
7fe968289000-7fe96c000000 ---p 00000000 00:00 0 
7fe96c000000-7fe96c021000 rw-p 00000000 00:00 0 
7fe96c021000-7fe970000000 ---p 00000000 00:00 0 
7fe970010000-7fe97002c000 r--s 00393000 08:06 136845                     /home/turner/Downloads/eclipse/jre/lib/ext/cldrdata.jar
7fe97002c000-7fe970037000 r--s 00116000 08:06 136843                     /home/turner/Downloads/eclipse/jre/lib/ext/localedata.jar
7fe970037000-7fe970055000 r--s 00151000 08:06 159540                     /home/turner/git/XPA/lib/poi-3.5-beta4-20081128.jar
7fe970055000-7fe970058000 ---p 00000000 00:00 0 
7fe970058000-7fe970156000 rw-p 00000000 00:00 0                          [stack:3547]
7fe970156000-7fe970159000 ---p 00000000 00:00 0 
7fe970159000-7fe970257000 rw-p 00000000 00:00 0                          [stack:3546]
7fe970257000-7fe97025a000 ---p 00000000 00:00 0 
7fe97025a000-7fe970358000 rw-p 00000000 00:00 0                          [stack:3545]
7fe970358000-7fe97035b000 ---p 00000000 00:00 0 
7fe97035b000-7fe970459000 rw-p 00000000 00:00 0                          [stack:3544]
7fe970459000-7fe970b3b000 r--p 00000000 08:06 269760                     /usr/lib/locale/locale-archive
7fe970b3b000-7fe970b3e000 ---p 00000000 00:00 0 
7fe970b3e000-7fe970c3c000 rw-p 00000000 00:00 0                          [stack:3543]
7fe970c3c000-7fe970c3f000 ---p 00000000 00:00 0 
7fe970c3f000-7fe970d3d000 rw-p 00000000 00:00 0                          [stack:3542]
7fe970d3d000-7fe970d3e000 ---p 00000000 00:00 0 
7fe970d3e000-7fe971796000 rw-p 00000000 00:00 0                          [stack:3541]
7fe971796000-7fe97196f000 r--s 03d09000 08:06 136740                     /home/turner/Downloads/eclipse/jre/lib/rt.jar
7fe97196f000-7fe9741e7000 rw-p 00000000 00:00 0 
7fe9741e7000-7fe9741e8000 ---p 00000000 00:00 0 
7fe9741e8000-7fe9742fd000 rw-p 00000000 00:00 0                          [stack:3540]
7fe9742fd000-7fe97442a000 ---p 00000000 00:00 0 
7fe97442a000-7fe97443f000 rw-p 00000000 00:00 0 
7fe97443f000-7fe97456b000 ---p 00000000 00:00 0 
7fe97456b000-7fe97458e000 rw-p 00000000 00:00 0 
7fe97458e000-7fe97460c000 ---p 00000000 00:00 0 
7fe97460c000-7fe974620000 rw-p 00000000 00:00 0 
7fe974620000-7fe9749cd000 ---p 00000000 00:00 0 
7fe9749cd000-7fe974e6d000 rwxp 00000000 00:00 0 
7fe974e6d000-7fe9839cd000 ---p 00000000 00:00 0 
7fe9839cd000-7fe9839e7000 r-xp 00000000 08:06 136765                     /home/turner/Downloads/eclipse/jre/lib/amd64/libzip.so
7fe9839e7000-7fe983be7000 ---p 0001a000 08:06 136765                     /home/turner/Downloads/eclipse/jre/lib/amd64/libzip.so
7fe983be7000-7fe983be8000 rw-p 0001a000 08:06 136765                     /home/turner/Downloads/eclipse/jre/lib/amd64/libzip.so
7fe983be8000-7fe983bf3000 r-xp 00000000 08:06 918423                     /lib/x86_64-linux-gnu/libnss_files-2.19.so
7fe983bf3000-7fe983df2000 ---p 0000b000 08:06 918423                     /lib/x86_64-linux-gnu/libnss_files-2.19.so
7fe983df2000-7fe983df3000 r--p 0000a000 08:06 918423                     /lib/x86_64-linux-gnu/libnss_files-2.19.so
7fe983df3000-7fe983df4000 rw-p 0000b000 08:06 918423                     /lib/x86_64-linux-gnu/libnss_files-2.19.so
7fe983df4000-7fe983dff000 r-xp 00000000 08:06 918433                     /lib/x86_64-linux-gnu/libnss_nis-2.19.so
7fe983dff000-7fe983ffe000 ---p 0000b000 08:06 918433                     /lib/x86_64-linux-gnu/libnss_nis-2.19.so
7fe983ffe000-7fe983fff000 r--p 0000a000 08:06 918433                     /lib/x86_64-linux-gnu/libnss_nis-2.19.so
7fe983fff000-7fe984000000 rw-p 0000b000 08:06 918433                     /lib/x86_64-linux-gnu/libnss_nis-2.19.so
7fe984000000-7fe9841cc000 rw-p 00000000 00:00 0 
7fe9841cc000-7fe988000000 ---p 00000000 00:00 0 
7fe988008000-7fe988009000 rw-p 00000000 00:00 0 
7fe988009000-7fe988014000 r--s 000b5000 08:06 139821                     /home/turner/git/XPA/lib/poi-scratchpad-3.5-beta4-20081128.jar
7fe988014000-7fe988035000 rw-p 00000000 00:00 0 
7fe988035000-7fe988036000 ---p 00000000 00:00 0 
7fe988036000-7fe988136000 rw-p 00000000 00:00 0                          [stack:3539]
7fe988136000-7fe98814d000 r-xp 00000000 08:06 918417                     /lib/x86_64-linux-gnu/libnsl-2.19.so
7fe98814d000-7fe98834c000 ---p 00017000 08:06 918417                     /lib/x86_64-linux-gnu/libnsl-2.19.so
7fe98834c000-7fe98834d000 r--p 00016000 08:06 918417                     /lib/x86_64-linux-gnu/libnsl-2.19.so
7fe98834d000-7fe98834e000 rw-p 00017000 08:06 918417                     /lib/x86_64-linux-gnu/libnsl-2.19.so
7fe98834e000-7fe988350000 rw-p 00000000 00:00 0 
7fe988350000-7fe988359000 r-xp 00000000 08:06 918419                     /lib/x86_64-linux-gnu/libnss_compat-2.19.so
7fe988359000-7fe988558000 ---p 00009000 08:06 918419                     /lib/x86_64-linux-gnu/libnss_compat-2.19.so
7fe988558000-7fe988559000 r--p 00008000 08:06 918419                     /lib/x86_64-linux-gnu/libnss_compat-2.19.so
7fe988559000-7fe98855a000 rw-p 00009000 08:06 918419                     /lib/x86_64-linux-gnu/libnss_compat-2.19.so
7fe98855a000-7fe988584000 r-xp 00000000 08:06 136758                     /home/turner/Downloads/eclipse/jre/lib/amd64/libjava.so
7fe988584000-7fe988784000 ---p 0002a000 08:06 136758                     /home/turner/Downloads/eclipse/jre/lib/amd64/libjava.so
7fe988784000-7fe988786000 rw-p 0002a000 08:06 136758                     /home/turner/Downloads/eclipse/jre/lib/amd64/libjava.so
7fe988786000-7fe988793000 r-xp 00000000 08:06 136800                     /home/turner/Downloads/eclipse/jre/lib/amd64/libverify.so
7fe988793000-7fe988993000 ---p 0000d000 08:06 136800                     /home/turner/Downloads/eclipse/jre/lib/amd64/libverify.so
7fe988993000-7fe988995000 rw-p 0000d000 08:06 136800                     /home/turner/Downloads/eclipse/jre/lib/amd64/libverify.so
7fe988995000-7fe98899c000 r-xp 00000000 08:06 918476                     /lib/x86_64-linux-gnu/librt-2.19.so
7fe98899c000-7fe988b9b000 ---p 00007000 08:06 918476                     /lib/x86_64-linux-gnu/librt-2.19.so
7fe988b9b000-7fe988b9c000 r--p 00006000 08:06 918476                     /lib/x86_64-linux-gnu/librt-2.19.so
7fe988b9c000-7fe988b9d000 rw-p 00007000 08:06 918476                     /lib/x86_64-linux-gnu/librt-2.19.so
7fe988b9d000-7fe988ca2000 r-xp 00000000 08:06 918398                     /lib/x86_64-linux-gnu/libm-2.19.so
7fe988ca2000-7fe988ea1000 ---p 00105000 08:06 918398                     /lib/x86_64-linux-gnu/libm-2.19.so
7fe988ea1000-7fe988ea2000 r--p 00104000 08:06 918398                     /lib/x86_64-linux-gnu/libm-2.19.so
7fe988ea2000-7fe988ea3000 rw-p 00105000 08:06 918398                     /lib/x86_64-linux-gnu/libm-2.19.so
7fe988ea3000-7fe989b51000 r-xp 00000000 08:06 136806                     /home/turner/Downloads/eclipse/jre/lib/amd64/server/libjvm.so
7fe989b51000-7fe989d50000 ---p 00cae000 08:06 136806                     /home/turner/Downloads/eclipse/jre/lib/amd64/server/libjvm.so
7fe989d50000-7fe989e27000 rw-p 00cad000 08:06 136806                     /home/turner/Downloads/eclipse/jre/lib/amd64/server/libjvm.so
7fe989e27000-7fe989e6b000 rw-p 00000000 00:00 0 
7fe989e6b000-7fe98a027000 r-xp 00000000 08:06 918348                     /lib/x86_64-linux-gnu/libc-2.19.so
7fe98a027000-7fe98a226000 ---p 001bc000 08:06 918348                     /lib/x86_64-linux-gnu/libc-2.19.so
7fe98a226000-7fe98a22a000 r--p 001bb000 08:06 918348                     /lib/x86_64-linux-gnu/libc-2.19.so
7fe98a22a000-7fe98a22c000 rw-p 001bf000 08:06 918348                     /lib/x86_64-linux-gnu/libc-2.19.so
7fe98a22c000-7fe98a231000 rw-p 00000000 00:00 0 
7fe98a231000-7fe98a234000 r-xp 00000000 08:06 918365                     /lib/x86_64-linux-gnu/libdl-2.19.so
7fe98a234000-7fe98a433000 ---p 00003000 08:06 918365                     /lib/x86_64-linux-gnu/libdl-2.19.so
7fe98a433000-7fe98a434000 r--p 00002000 08:06 918365                     /lib/x86_64-linux-gnu/libdl-2.19.so
7fe98a434000-7fe98a435000 rw-p 00003000 08:06 918365                     /lib/x86_64-linux-gnu/libdl-2.19.so
7fe98a435000-7fe98a44a000 r-xp 00000000 08:06 136767                     /home/turner/Downloads/eclipse/jre/lib/amd64/jli/libjli.so
7fe98a44a000-7fe98a64a000 ---p 00015000 08:06 136767                     /home/turner/Downloads/eclipse/jre/lib/amd64/jli/libjli.so
7fe98a64a000-7fe98a64b000 rw-p 00015000 08:06 136767                     /home/turner/Downloads/eclipse/jre/lib/amd64/jli/libjli.so
7fe98a64b000-7fe98a664000 r-xp 00000000 08:06 918468                     /lib/x86_64-linux-gnu/libpthread-2.19.so
7fe98a664000-7fe98a863000 ---p 00019000 08:06 918468                     /lib/x86_64-linux-gnu/libpthread-2.19.so
7fe98a863000-7fe98a864000 r--p 00018000 08:06 918468                     /lib/x86_64-linux-gnu/libpthread-2.19.so
7fe98a864000-7fe98a865000 rw-p 00019000 08:06 918468                     /lib/x86_64-linux-gnu/libpthread-2.19.so
7fe98a865000-7fe98a869000 rw-p 00000000 00:00 0 
7fe98a869000-7fe98a88c000 r-xp 00000000 08:06 918324                     /lib/x86_64-linux-gnu/ld-2.19.so
7fe98a88c000-7fe98a890000 rw-s 00000000 00:04 20152353                   /SYSV00000000 (deleted)
7fe98a890000-7fe98a894000 r--s 00037000 08:06 167303                     /home/turner/git/XPA/lib/poi-ooxml-3.5-beta4-20081128.jar
7fe98a894000-7fe98a896000 r--s 0000e000 08:06 140492                     /home/turner/git/XPA/lib/poi-contrib-3.5-beta4-20081128.jar
7fe98a896000-7fe98a96e000 rw-p 00000000 00:00 0 
7fe98a96e000-7fe98a971000 ---p 00000000 00:00 0 
7fe98a971000-7fe98aa73000 rw-p 00000000 00:00 0                          [stack:3538]
7fe98aa73000-7fe98aa75000 r--s 00023000 08:06 165573                     /home/turner/git/XPA/lib/jdom-1.1.3.jar
7fe98aa75000-7fe98aa77000 r--s 0000d000 08:06 158444                     /home/turner/git/XPA/lib/commons-logging-1.1.1.jar
7fe98aa77000-7fe98aa79000 r--s 0000c000 08:06 133888                     /home/turner/Downloads/eclipse/plugins/org.hamcrest.core_1.3.0.v201303031735.jar
7fe98aa79000-7fe98aa7f000 r--s 00036000 08:06 134345                     /home/turner/Downloads/eclipse/plugins/org.junit_4.11.0.v201303080030/junit.jar
7fe98aa7f000-7fe98aa87000 rw-s 00000000 08:06 813256                     /tmp/hsperfdata_root/3528
7fe98aa87000-7fe98aa88000 rw-p 00000000 00:00 0 
7fe98aa88000-7fe98aa89000 ---p 00000000 00:00 0 
7fe98aa89000-7fe98aa8b000 rw-p 00000000 00:00 0 
7fe98aa8b000-7fe98aa8c000 r--p 00022000 08:06 918324                     /lib/x86_64-linux-gnu/ld-2.19.so
7fe98aa8c000-7fe98aa8d000 rw-p 00023000 08:06 918324                     /lib/x86_64-linux-gnu/ld-2.19.so
7fe98aa8d000-7fe98aa8e000 rw-p 00000000 00:00 0 
7fff1a023000-7fff1a044000 rw-p 00000000 00:00 0                          [stack]
7fff1a1da000-7fff1a1dc000 r-xp 00000000 00:00 0                          [vdso]
ffffffffff600000-ffffffffff601000 r-xp 00000000 00:00 0                  [vsyscall]

VM Arguments:
jvm_args: -Dfile.encoding=UTF-8 
java_command: org.sag.gui.XPA
java_class_path (initial): /home/turner/git/XPA/bin:/home/turner/Downloads/eclipse/plugins/org.junit_4.11.0.v201303080030/junit.jar:/home/turner/Downloads/eclipse/plugins/org.hamcrest.core_1.3.0.v201303031735.jar:/home/turner/git/XPA/lib/commons-logging-1.1.1.jar:/home/turner/git/XPA/lib/jdom-1.1.3.jar:/home/turner/git/XPA/lib/poi-3.5-beta4-20081128.jar:/home/turner/git/XPA/lib/poi-contrib-3.5-beta4-20081128.jar:/home/turner/git/XPA/lib/poi-ooxml-3.5-beta4-20081128.jar:/home/turner/git/XPA/lib/poi-scratchpad-3.5-beta4-20081128.jar
Launcher Type: SUN_STANDARD

Environment Variables:
PATH=/usr/local/sbin:/usr/local/bin:/usr/sbin:/usr/bin:/sbin:/bin:/usr/games:/usr/local/games
USERNAME=root
SHELL=/bin/bash
DISPLAY=:0

Signal Handlers:
SIGSEGV: [libjvm.so+0xaad1e0], sa_mask[0]=11111111011111111101111111111110, sa_flags=SA_RESTART|SA_SIGINFO
SIGBUS: [libjvm.so+0xaad1e0], sa_mask[0]=11111111011111111101111111111110, sa_flags=SA_RESTART|SA_SIGINFO
SIGFPE: [libjvm.so+0x90b450], sa_mask[0]=11111111011111111101111111111110, sa_flags=SA_RESTART|SA_SIGINFO
SIGPIPE: [libjvm.so+0x90b450], sa_mask[0]=11111111011111111101111111111110, sa_flags=SA_RESTART|SA_SIGINFO
SIGXFSZ: [libjvm.so+0x90b450], sa_mask[0]=11111111011111111101111111111110, sa_flags=SA_RESTART|SA_SIGINFO
SIGILL: [libjvm.so+0x90b450], sa_mask[0]=11111111011111111101111111111110, sa_flags=SA_RESTART|SA_SIGINFO
SIGUSR1: SIG_DFL, sa_mask[0]=00000000000000000000000000000000, sa_flags=none
SIGUSR2: [libjvm.so+0x90ca90], sa_mask[0]=00100000000000000000000000000000, sa_flags=SA_RESTART|SA_SIGINFO
SIGHUP: [libjvm.so+0x90dde0], sa_mask[0]=11111111011111111101111111111110, sa_flags=SA_RESTART|SA_SIGINFO
SIGINT: [libjvm.so+0x90dde0], sa_mask[0]=11111111011111111101111111111110, sa_flags=SA_RESTART|SA_SIGINFO
SIGTERM: [libjvm.so+0x90dde0], sa_mask[0]=11111111011111111101111111111110, sa_flags=SA_RESTART|SA_SIGINFO
SIGQUIT: [libjvm.so+0x90dde0], sa_mask[0]=11111111011111111101111111111110, sa_flags=SA_RESTART|SA_SIGINFO


---------------  S Y S T E M  ---------------

OS:DISTRIB_ID=Ubuntu
DISTRIB_RELEASE=14.04
DISTRIB_CODENAME=trusty
DISTRIB_DESCRIPTION="Ubuntu 14.04.1 LTS"

uname:Linux 3.13.0-32-generic #57-Ubuntu SMP Tue Jul 15 03:51:08 UTC 2014 x86_64
libc:glibc 2.19 NPTL 2.19 
rlimit: STACK 8192k, CORE 0k, NPROC 30628, NOFILE 4096, AS infinity
load average:1.22 0.54 0.32

/proc/meminfo:
MemTotal:        3942020 kB
MemFree:          112860 kB
Buffers:             220 kB
Cached:           458900 kB
SwapCached:            0 kB
Active:          3199540 kB
Inactive:         438676 kB
Active(anon):    3198264 kB
Inactive(anon):   410072 kB
Active(file):       1276 kB
Inactive(file):    28604 kB
Unevictable:          32 kB
Mlocked:              32 kB
SwapTotal:             0 kB
SwapFree:              0 kB
Dirty:               204 kB
Writeback:             0 kB
AnonPages:       3179388 kB
Mapped:            69888 kB
Shmem:            428980 kB
Slab:              57164 kB
SReclaimable:      24644 kB
SUnreclaim:        32520 kB
KernelStack:        4312 kB
PageTables:        39628 kB
NFS_Unstable:          0 kB
Bounce:                0 kB
WritebackTmp:          0 kB
CommitLimit:     1971008 kB
Committed_AS:    6841764 kB
VmallocTotal:   34359738367 kB
VmallocUsed:      346356 kB
VmallocChunk:   34359324652 kB
HardwareCorrupted:     0 kB
AnonHugePages:   1069056 kB
HugePages_Total:       0
HugePages_Free:        0
HugePages_Rsvd:        0
HugePages_Surp:        0
Hugepagesize:       2048 kB
DirectMap4k:       51624 kB
DirectMap2M:     4036608 kB


CPU:total 2 (2 cores per cpu, 1 threads per core) family 6 model 23 stepping 6, cmov, cx8, fxsr, mmx, sse, sse2, sse3, ssse3, sse4.1, tsc

/proc/cpuinfo:
processor	: 0
vendor_id	: GenuineIntel
cpu family	: 6
model		: 23
model name	: Intel(R) Core(TM)2 Duo CPU     P8600  @ 2.40GHz
stepping	: 6
microcode	: 0x60c
cpu MHz		: 2401.000
cache size	: 3072 KB
physical id	: 0
siblings	: 2
core id		: 0
cpu cores	: 2
apicid		: 0
initial apicid	: 0
fpu		: yes
fpu_exception	: yes
cpuid level	: 10
wp		: yes
flags		: fpu vme de pse tsc msr pae mce cx8 apic sep mtrr pge mca cmov pat pse36 clflush dts acpi mmx fxsr sse sse2 ss ht tm pbe syscall nx lm constant_tsc arch_perfmon pebs bts nopl aperfmperf pni dtes64 monitor ds_cpl vmx smx est tm2 ssse3 cx16 xtpr pdcm sse4_1 lahf_lm dtherm tpr_shadow vnmi flexpriority
bogomips	: 4788.10
clflush size	: 64
cache_alignment	: 64
address sizes	: 36 bits physical, 48 bits virtual
power management:

processor	: 1
vendor_id	: GenuineIntel
cpu family	: 6
model		: 23
model name	: Intel(R) Core(TM)2 Duo CPU     P8600  @ 2.40GHz
stepping	: 6
microcode	: 0x60c
cpu MHz		: 2401.000
cache size	: 3072 KB
physical id	: 0
siblings	: 2
core id		: 1
cpu cores	: 2
apicid		: 1
initial apicid	: 1
fpu		: yes
fpu_exception	: yes
cpuid level	: 10
wp		: yes
flags		: fpu vme de pse tsc msr pae mce cx8 apic sep mtrr pge mca cmov pat pse36 clflush dts acpi mmx fxsr sse sse2 ss ht tm pbe syscall nx lm constant_tsc arch_perfmon pebs bts nopl aperfmperf pni dtes64 monitor ds_cpl vmx smx est tm2 ssse3 cx16 xtpr pdcm sse4_1 lahf_lm dtherm tpr_shadow vnmi flexpriority
bogomips	: 4788.10
clflush size	: 64
cache_alignment	: 64
address sizes	: 36 bits physical, 48 bits virtual
power management:



Memory: 4k page, physical 3942020k(112860k free), swap 0k(0k free)

vm_info: Java HotSpot(TM) 64-Bit Server VM (25.45-b02) for linux-amd64 JRE (1.8.0_45-b14), built on Apr 10 2015 10:07:45 by "java_re" with gcc 4.3.0 20080428 (Red Hat 4.3.0-8)

time: Fri Jul 17 09:12:02 2015
elapsed time: 26 seconds (0d 0h 0m 26s)

