#
# There is insufficient memory for the Java Runtime Environment to continue.
# Native memory allocation (mmap) failed to map 79167488 bytes for committing reserved memory.
# Possible reasons:
#   The system is out of physical RAM or swap space
#   In 32 bit mode, the process size limit was hit
# Possible solutions:
#   Reduce memory load on the system
#   Increase physical memory or swap space
#   Check if swap backing store is full
#   Use 64 bit Java on a 64 bit OS
#   Decrease Java heap size (-Xmx/-Xms)
#   Decrease number of Java threads
#   Decrease Java thread stack sizes (-Xss)
#   Set larger code cache with -XX:ReservedCodeCacheSize=
# This output file may be truncated or incomplete.
#
#  Out of Memory Error (os_linux.cpp:2673), pid=17312, tid=140446419240704
#
# JRE version: Java(TM) SE Runtime Environment (8.0_45-b14) (build 1.8.0_45-b14)
# Java VM: Java HotSpot(TM) 64-Bit Server VM (25.45-b02 mixed mode linux-amd64 compressed oops)
# Failed to write core dump. Core dumps have been disabled. To enable core dumping, try "ulimit -c unlimited" before starting Java again
#

---------------  T H R E A D  ---------------

Current thread (0x00007fbc4c073800):  VMThread [stack: 0x00007fbc3addc000,0x00007fbc3aedd000] [id=17321]

Stack: [0x00007fbc3addc000,0x00007fbc3aedd000],  sp=0x00007fbc3aedb1e0,  free space=1020k
Native frames: (J=compiled Java code, j=interpreted, Vv=VM code, C=native code)
V  [libjvm.so+0xaac99a]  VMError::report_and_die()+0x2ba
V  [libjvm.so+0x4f333b]  report_vm_out_of_memory(char const*, int, unsigned long, VMErrorType, char const*)+0x8b
V  [libjvm.so+0x90e7c3]  os::Linux::commit_memory_impl(char*, unsigned long, bool)+0x103
V  [libjvm.so+0x90ed19]  os::pd_commit_memory(char*, unsigned long, unsigned long, bool)+0x29
V  [libjvm.so+0x90867a]  os::commit_memory(char*, unsigned long, unsigned long, bool)+0x2a
V  [libjvm.so+0x97bac3]  PSVirtualSpace::expand_by(unsigned long)+0x53
V  [libjvm.so+0x97cec8]  PSYoungGen::resize_generation(unsigned long, unsigned long)+0xf8
V  [libjvm.so+0x97c022]  PSYoungGen::resize(unsigned long, unsigned long)+0x22
V  [libjvm.so+0x9792fb]  PSScavenge::invoke_no_policy()+0xf7b
V  [libjvm.so+0x979a81]  PSScavenge::invoke()+0x41
V  [libjvm.so+0x932050]  ParallelScavengeHeap::failed_mem_allocate(unsigned long)+0x70
V  [libjvm.so+0xaae1d7]  VM_ParallelGCFailedAllocation::doit()+0x97
V  [libjvm.so+0xab59c5]  VM_Operation::evaluate()+0x55
V  [libjvm.so+0xab3d9a]  VMThread::evaluate_operation(VM_Operation*)+0xba
V  [libjvm.so+0xab411e]  VMThread::loop()+0x1ce
V  [libjvm.so+0xab4590]  VMThread::run()+0x70
V  [libjvm.so+0x910de8]  java_start(Thread*)+0x108

VM_Operation (0x00007fbc0bcf4f50): ParallelGCFailedAllocation, mode: safepoint, requested by thread 0x00007fbc4c1cc000


---------------  P R O C E S S  ---------------

Java Threads: ( => current thread )
  0x00007fbc0021e800 JavaThread "TimerQueue" daemon [_thread_blocked, id=17336, stack(0x00007fbc0af4f000,0x00007fbc0b050000)]
  0x00007fbc4c00a000 JavaThread "DestroyJavaVM" [_thread_blocked, id=17318, stack(0x00007fbc54a0b000,0x00007fbc54b0c000)]
  0x00007fbc4c1cc000 JavaThread "AWT-EventQueue-0" [_thread_blocked, id=17334, stack(0x00007fbc0bbf8000,0x00007fbc0bcf9000)]
  0x00007fbc4c1ca800 JavaThread "AWT-Shutdown" [_thread_blocked, id=17333, stack(0x00007fbc0bcf9000,0x00007fbc0bdfa000)]
  0x00007fbc4c1c6000 JavaThread "AWT-XAWT" daemon [_thread_blocked, id=17332, stack(0x00007fbc38087000,0x00007fbc38188000)]
  0x00007fbc4c1a7000 JavaThread "Java2D Disposer" daemon [_thread_blocked, id=17331, stack(0x00007fbc38392000,0x00007fbc38493000)]
  0x00007fbc4c0bc000 JavaThread "Service Thread" daemon [_thread_blocked, id=17327, stack(0x00007fbc3a0f4000,0x00007fbc3a1f5000)]
  0x00007fbc4c0b7000 JavaThread "C1 CompilerThread1" daemon [_thread_blocked, id=17326, stack(0x00007fbc3a1f5000,0x00007fbc3a2f6000)]
  0x00007fbc4c0b4000 JavaThread "C2 CompilerThread0" daemon [_thread_blocked, id=17325, stack(0x00007fbc3a2f6000,0x00007fbc3a3f7000)]
  0x00007fbc4c0b3000 JavaThread "Signal Dispatcher" daemon [_thread_blocked, id=17324, stack(0x00007fbc3a3f7000,0x00007fbc3a4f8000)]
  0x00007fbc4c07a800 JavaThread "Finalizer" daemon [_thread_blocked, id=17323, stack(0x00007fbc3abda000,0x00007fbc3acdb000)]
  0x00007fbc4c078800 JavaThread "Reference Handler" daemon [_thread_blocked, id=17322, stack(0x00007fbc3acdb000,0x00007fbc3addc000)]

Other Threads:
=>0x00007fbc4c073800 VMThread [stack: 0x00007fbc3addc000,0x00007fbc3aedd000] [id=17321]
  0x00007fbc4c0be800 WatcherThread [stack: 0x00007fbc39ff3000,0x00007fbc3a0f4000] [id=17328]

VM state:at safepoint (normal execution)

VM Mutex/Monitor currently owned by a thread:  ([mutex/lock_event])
[0x00007fbc4c0062d0] Threads_lock - owner thread: 0x00007fbc4c073800
[0x00007fbc4c0067d0] Heap_lock - owner thread: 0x00007fbc4c1cc000

Heap:
 PSYoungGen      total 130560K, used 450K [0x00000000ebf00000, 0x00000000f4200000, 0x0000000100000000)
  eden space 126976K, 0% used [0x00000000ebf00000,0x00000000ebf00000,0x00000000f3b00000)
  from space 3584K, 12% used [0x00000000f3b00000,0x00000000f3b70920,0x00000000f3e80000)
  to   space 3584K, 0% used [0x00000000f3e80000,0x00000000f3e80000,0x00000000f4200000)
 ParOldGen       total 42496K, used 2781K [0x00000000c3c00000, 0x00000000c6580000, 0x00000000ebf00000)
  object space 42496K, 6% used [0x00000000c3c00000,0x00000000c3eb7470,0x00000000c6580000)
 Metaspace       used 15677K, capacity 15832K, committed 16256K, reserved 1062912K
  class space    used 1996K, capacity 2054K, committed 2176K, reserved 1048576K

Card table byte_map: [0x00007fbc515fd000,0x00007fbc517e0000] byte_map_base: 0x00007fbc50fdf000

Marking Bits: (ParMarkBitMap*) 0x00007fbc53edd760
 Begin Bits: [0x00007fbc3b1e0000, 0x00007fbc3c0f0000)
 End Bits:   [0x00007fbc3c0f0000, 0x00007fbc3d000000)

Polling page: 0x00007fbc54b25000

CodeCache: size=245760Kb used=4697Kb max_used=4708Kb free=241063Kb
 bounds [0x00007fbc3d000000, 0x00007fbc3d4a0000, 0x00007fbc4c000000]
 total_blobs=2012 nmethods=1437 adapters=490
 compilation: enabled

Compilation events (10 events):
Event: 13.896 Thread 0x00007fbc4c0b4000 1439       4       java.util.regex.Matcher::search (109 bytes)
Event: 13.901 Thread 0x00007fbc4c0b4000 nmethod 1439 0x00007fbc3d497390 code [0x00007fbc3d497500, 0x00007fbc3d4977d8]
Event: 13.917 Thread 0x00007fbc4c0b4000 1440       4       java.util.regex.Matcher::usePattern (98 bytes)
Event: 13.921 Thread 0x00007fbc4c0b4000 nmethod 1440 0x00007fbc3d496e10 code [0x00007fbc3d496f60, 0x00007fbc3d497258]
Event: 13.957 Thread 0x00007fbc4c0b4000 1441 %     4       sun.nio.cs.UTF_8$Decoder::decodeArrayLoop @ 73 (691 bytes)
Event: 13.963 Thread 0x00007fbc4c0b7000 1442       3       java.nio.charset.CoderResult::isOverflow (14 bytes)
Event: 13.964 Thread 0x00007fbc4c0b7000 nmethod 1442 0x00007fbc3d47a610 code [0x00007fbc3d47a780, 0x00007fbc3d47a930]
Event: 13.968 Thread 0x00007fbc4c0b4000 nmethod 1441% 0x00007fbc3d479b10 code [0x00007fbc3d479ca0, 0x00007fbc3d47a238]
Event: 13.991 Thread 0x00007fbc4c0b4000 1443       4       java.lang.Long::valueOf (36 bytes)
Event: 13.992 Thread 0x00007fbc4c0b4000 nmethod 1443 0x00007fbc3d49d150 code [0x00007fbc3d49d2a0, 0x00007fbc3d49d3d8]

GC Heap History (10 events):
Event: 13.722 GC heap after
Heap after GC invocations=4 (full 0):
 PSYoungGen      total 34304K, used 2559K [0x00000000ebf00000, 0x00000000ee300000, 0x0000000100000000)
  eden space 31744K, 0% used [0x00000000ebf00000,0x00000000ebf00000,0x00000000ede00000)
  from space 2560K, 99% used [0x00000000ee080000,0x00000000ee2ffed0,0x00000000ee300000)
  to   space 2560K, 0% used [0x00000000ede00000,0x00000000ede00000,0x00000000ee080000)
 ParOldGen       total 42496K, used 390K [0x00000000c3c00000, 0x00000000c6580000, 0x00000000ebf00000)
  object space 42496K, 0% used [0x00000000c3c00000,0x00000000c3c61b88,0x00000000c6580000)
 Metaspace       used 15669K, capacity 15832K, committed 16256K, reserved 1062912K
  class space    used 1996K, capacity 2054K, committed 2176K, reserved 1048576K
}
Event: 13.746 GC heap before
{Heap before GC invocations=5 (full 0):
 PSYoungGen      total 34304K, used 34191K [0x00000000ebf00000, 0x00000000ee300000, 0x0000000100000000)
  eden space 31744K, 99% used [0x00000000ebf00000,0x00000000edde4048,0x00000000ede00000)
  from space 2560K, 99% used [0x00000000ee080000,0x00000000ee2ffed0,0x00000000ee300000)
  to   space 2560K, 0% used [0x00000000ede00000,0x00000000ede00000,0x00000000ee080000)
 ParOldGen       total 42496K, used 390K [0x00000000c3c00000, 0x00000000c6580000, 0x00000000ebf00000)
  object space 42496K, 0% used [0x00000000c3c00000,0x00000000c3c61b88,0x00000000c6580000)
 Metaspace       used 15671K, capacity 15832K, committed 16256K, reserved 1062912K
  class space    used 1996K, capacity 2054K, committed 2176K, reserved 1048576K
Event: 13.754 GC heap after
Heap after GC invocations=5 (full 0):
 PSYoungGen      total 34304K, used 2550K [0x00000000ebf00000, 0x00000000f0300000, 0x0000000100000000)
  eden space 31744K, 0% used [0x00000000ebf00000,0x00000000ebf00000,0x00000000ede00000)
  from space 2560K, 99% used [0x00000000ede00000,0x00000000ee07d890,0x00000000ee080000)
  to   space 3072K, 0% used [0x00000000f0000000,0x00000000f0000000,0x00000000f0300000)
 ParOldGen       total 42496K, used 398K [0x00000000c3c00000, 0x00000000c6580000, 0x00000000ebf00000)
  object space 42496K, 0% used [0x00000000c3c00000,0x00000000c3c63b88,0x00000000c6580000)
 Metaspace       used 15671K, capacity 15832K, committed 16256K, reserved 1062912K
  class space    used 1996K, capacity 2054K, committed 2176K, reserved 1048576K
}
Event: 13.774 GC heap before
{Heap before GC invocations=6 (full 0):
 PSYoungGen      total 34304K, used 34217K [0x00000000ebf00000, 0x00000000f0300000, 0x0000000100000000)
  eden space 31744K, 99% used [0x00000000ebf00000,0x00000000eddecd00,0x00000000ede00000)
  from space 2560K, 99% used [0x00000000ede00000,0x00000000ee07d890,0x00000000ee080000)
  to   space 3072K, 0% used [0x00000000f0000000,0x00000000f0000000,0x00000000f0300000)
 ParOldGen       total 42496K, used 398K [0x00000000c3c00000, 0x00000000c6580000, 0x00000000ebf00000)
  object space 42496K, 0% used [0x00000000c3c00000,0x00000000c3c63b88,0x00000000c6580000)
 Metaspace       used 15677K, capacity 15832K, committed 16256K, reserved 1062912K
  class space    used 1996K, capacity 2054K, committed 2176K, reserved 1048576K
Event: 13.781 GC heap after
Heap after GC invocations=6 (full 0):
 PSYoungGen      total 66560K, used 2631K [0x00000000ebf00000, 0x00000000f0300000, 0x0000000100000000)
  eden space 63488K, 0% used [0x00000000ebf00000,0x00000000ebf00000,0x00000000efd00000)
  from space 3072K, 85% used [0x00000000f0000000,0x00000000f0291dc0,0x00000000f0300000)
  to   space 3072K, 0% used [0x00000000efd00000,0x00000000efd00000,0x00000000f0000000)
 ParOldGen       total 42496K, used 398K [0x00000000c3c00000, 0x00000000c6580000, 0x00000000ebf00000)
  object space 42496K, 0% used [0x00000000c3c00000,0x00000000c3c63b88,0x00000000c6580000)
 Metaspace       used 15677K, capacity 15832K, committed 16256K, reserved 1062912K
  class space    used 1996K, capacity 2054K, committed 2176K, reserved 1048576K
}
Event: 13.839 GC heap before
{Heap before GC invocations=7 (full 0):
 PSYoungGen      total 66560K, used 66119K [0x00000000ebf00000, 0x00000000f0300000, 0x0000000100000000)
  eden space 63488K, 100% used [0x00000000ebf00000,0x00000000efd00000,0x00000000efd00000)
  from space 3072K, 85% used [0x00000000f0000000,0x00000000f0291dc0,0x00000000f0300000)
  to   space 3072K, 0% used [0x00000000efd00000,0x00000000efd00000,0x00000000f0000000)
 ParOldGen       total 42496K, used 398K [0x00000000c3c00000, 0x00000000c6580000, 0x00000000ebf00000)
  object space 42496K, 0% used [0x00000000c3c00000,0x00000000c3c63b88,0x00000000c6580000)
 Metaspace       used 15677K, capacity 15832K, committed 16256K, reserved 1062912K
  class space    used 1996K, capacity 2054K, committed 2176K, reserved 1048576K
Event: 13.849 GC heap after
Heap after GC invocations=7 (full 0):
 PSYoungGen      total 66560K, used 332K [0x00000000ebf00000, 0x00000000f4200000, 0x0000000100000000)
  eden space 63488K, 0% used [0x00000000ebf00000,0x00000000ebf00000,0x00000000efd00000)
  from space 3072K, 10% used [0x00000000efd00000,0x00000000efd53010,0x00000000f0000000)
  to   space 3584K, 0% used [0x00000000f3e80000,0x00000000f3e80000,0x00000000f4200000)
 ParOldGen       total 42496K, used 2765K [0x00000000c3c00000, 0x00000000c6580000, 0x00000000ebf00000)
  object space 42496K, 6% used [0x00000000c3c00000,0x00000000c3eb3470,0x00000000c6580000)
 Metaspace       used 15677K, capacity 15832K, committed 16256K, reserved 1062912K
  class space    used 1996K, capacity 2054K, committed 2176K, reserved 1048576K
}
Event: 13.886 GC heap before
{Heap before GC invocations=8 (full 0):
 PSYoungGen      total 66560K, used 63809K [0x00000000ebf00000, 0x00000000f4200000, 0x0000000100000000)
  eden space 63488K, 99% used [0x00000000ebf00000,0x00000000efcfd588,0x00000000efd00000)
  from space 3072K, 10% used [0x00000000efd00000,0x00000000efd53010,0x00000000f0000000)
  to   space 3584K, 0% used [0x00000000f3e80000,0x00000000f3e80000,0x00000000f4200000)
 ParOldGen       total 42496K, used 2765K [0x00000000c3c00000, 0x00000000c6580000, 0x00000000ebf00000)
  object space 42496K, 6% used [0x00000000c3c00000,0x00000000c3eb3470,0x00000000c6580000)
 Metaspace       used 15677K, capacity 15832K, committed 16256K, reserved 1062912K
  class space    used 1996K, capacity 2054K, committed 2176K, reserved 1048576K
Event: 13.888 GC heap after
Heap after GC invocations=8 (full 0):
 PSYoungGen      total 130560K, used 343K [0x00000000ebf00000, 0x00000000f4200000, 0x0000000100000000)
  eden space 126976K, 0% used [0x00000000ebf00000,0x00000000ebf00000,0x00000000f3b00000)
  from space 3584K, 9% used [0x00000000f3e80000,0x00000000f3ed5c50,0x00000000f4200000)
  to   space 3584K, 0% used [0x00000000f3b00000,0x00000000f3b00000,0x00000000f3e80000)
 ParOldGen       total 42496K, used 2773K [0x00000000c3c00000, 0x00000000c6580000, 0x00000000ebf00000)
  object space 42496K, 6% used [0x00000000c3c00000,0x00000000c3eb5470,0x00000000c6580000)
 Metaspace       used 15677K, capacity 15832K, committed 16256K, reserved 1062912K
  class space    used 1996K, capacity 2054K, committed 2176K, reserved 1048576K
}
Event: 14.054 GC heap before
{Heap before GC invocations=9 (full 0):
 PSYoungGen      total 130560K, used 127122K [0x00000000ebf00000, 0x00000000f4200000, 0x0000000100000000)
  eden space 126976K, 99% used [0x00000000ebf00000,0x00000000f3acec78,0x00000000f3b00000)
  from space 3584K, 9% used [0x00000000f3e80000,0x00000000f3ed5c50,0x00000000f4200000)
  to   space 3584K, 0% used [0x00000000f3b00000,0x00000000f3b00000,0x00000000f3e80000)
 ParOldGen       total 42496K, used 2773K [0x00000000c3c00000, 0x00000000c6580000, 0x00000000ebf00000)
  object space 42496K, 6% used [0x00000000c3c00000,0x00000000c3eb5470,0x00000000c6580000)
 Metaspace       used 15677K, capacity 15832K, committed 16256K, reserved 1062912K
  class space    used 1996K, capacity 2054K, committed 2176K, reserved 1048576K

Deoptimization events (5 events):
Event: 1.156 Thread 0x00007fbc4c1cc000 Uncommon trap: reason=null_check action=make_not_entrant pc=0x00007fbc3d15a944 method=java.lang.String.equals(Ljava/lang/Object;)Z @ 8
Event: 4.602 Thread 0x00007fbc4c1cc000 Uncommon trap: reason=class_check action=maybe_recompile pc=0x00007fbc3d1839f0 method=java.lang.String.equals(Ljava/lang/Object;)Z @ 8
Event: 4.602 Thread 0x00007fbc4c1cc000 Uncommon trap: reason=class_check action=maybe_recompile pc=0x00007fbc3d1839f0 method=java.lang.String.equals(Ljava/lang/Object;)Z @ 8
Event: 4.625 Thread 0x00007fbc4c1cc000 Uncommon trap: reason=class_check action=maybe_recompile pc=0x00007fbc3d1839f0 method=java.lang.String.equals(Ljava/lang/Object;)Z @ 8
Event: 4.626 Thread 0x00007fbc4c1cc000 Uncommon trap: reason=class_check action=maybe_recompile pc=0x00007fbc3d1839f0 method=java.lang.String.equals(Ljava/lang/Object;)Z @ 8

Internal exceptions (10 events):
Event: 0.445 Thread 0x00007fbc4c00a000 Exception <a 'java/security/PrivilegedActionException'> (0x00000000ebfea428) thrown at [/RE-WORK/workspace/8-2-build-linux-amd64/jdk8u45/3457/hotspot/src/share/vm/prims/jvm.cpp, line 1382]
Event: 0.445 Thread 0x00007fbc4c00a000 Exception <a 'java/security/PrivilegedActionException'> (0x00000000ebfec948) thrown at [/RE-WORK/workspace/8-2-build-linux-amd64/jdk8u45/3457/hotspot/src/share/vm/prims/jvm.cpp, line 1382]
Event: 0.445 Thread 0x00007fbc4c00a000 Exception <a 'java/security/PrivilegedActionException'> (0x00000000ebfecb00) thrown at [/RE-WORK/workspace/8-2-build-linux-amd64/jdk8u45/3457/hotspot/src/share/vm/prims/jvm.cpp, line 1382]
Event: 0.617 Thread 0x00007fbc4c00a000 Exception <a 'java/io/FileNotFoundException'> (0x00000000ec043198) thrown at [/RE-WORK/workspace/8-2-build-linux-amd64/jdk8u45/3457/hotspot/src/share/vm/prims/jni.cpp, line 709]
Event: 0.617 Thread 0x00007fbc4c00a000 Exception <a 'java/io/FileNotFoundException'> (0x00000000ec043b10) thrown at [/RE-WORK/workspace/8-2-build-linux-amd64/jdk8u45/3457/hotspot/src/share/vm/prims/jni.cpp, line 709]
Event: 0.791 Thread 0x00007fbc4c00a000 Exception <a 'java/lang/NoSuchFieldError': method resolution failed> (0x00000000ec14ef60) thrown at [/RE-WORK/workspace/8-2-build-linux-amd64/jdk8u45/3457/hotspot/src/share/vm/prims/methodHandles.cpp, line 1125]
Event: 0.795 Thread 0x00007fbc4c00a000 Exception <a 'java/lang/NoSuchFieldError': method resolution failed> (0x00000000ec15d9a0) thrown at [/RE-WORK/workspace/8-2-build-linux-amd64/jdk8u45/3457/hotspot/src/share/vm/prims/methodHandles.cpp, line 1125]
Event: 1.156 Thread 0x00007fbc4c1cc000 Implicit null exception at 0x00007fbc3d15a762 to 0x00007fbc3d15a935
Event: 3.519 Thread 0x00007fbc4c1cc000 Exception <a 'java/lang/UnsupportedOperationException': > (0x00000000ec6396d8) thrown at [/RE-WORK/workspace/8-2-build-linux-amd64/jdk8u45/3457/hotspot/src/share/vm/prims/jni.cpp, line 735]
Event: 6.058 Thread 0x00007fbc4c1cc000 Exception <a 'java/lang/UnsupportedOperationException': > (0x00000000ec8d2180) thrown at [/RE-WORK/workspace/8-2-build-linux-amd64/jdk8u45/3457/hotspot/src/share/vm/prims/jni.cpp, line 735]

Events (10 events):
Event: 13.781 Executing VM operation: ParallelGCFailedAllocation done
Event: 13.797 Thread 0x00007fbc4c1cc000 DEOPT PACKING pc=0x00007fbc3d465ab8 sp=0x00007fbc0bcf4cd0
Event: 13.797 Thread 0x00007fbc4c1cc000 DEOPT UNPACKING pc=0x00007fbc3d046f73 sp=0x00007fbc0bcf4a28 mode 0
Event: 13.820 Thread 0x00007fbc4c1cc000 DEOPT PACKING pc=0x00007fbc3d465ab8 sp=0x00007fbc0bcf4cd0
Event: 13.820 Thread 0x00007fbc4c1cc000 DEOPT UNPACKING pc=0x00007fbc3d046f73 sp=0x00007fbc0bcf4a28 mode 0
Event: 13.839 Executing VM operation: ParallelGCFailedAllocation
Event: 13.849 Executing VM operation: ParallelGCFailedAllocation done
Event: 13.886 Executing VM operation: ParallelGCFailedAllocation
Event: 13.888 Executing VM operation: ParallelGCFailedAllocation done
Event: 14.054 Executing VM operation: ParallelGCFailedAllocation


Dynamic libraries:
00400000-00401000 r-xp 00000000 08:06 136541                             /home/turner/Downloads/eclipse/jre/bin/java
00600000-00601000 rw-p 00000000 08:06 136541                             /home/turner/Downloads/eclipse/jre/bin/java
017b7000-017fb000 rw-p 00000000 00:00 0                                  [heap]
c3c00000-c6580000 rw-p 00000000 00:00 0 
c6580000-ebf00000 ---p 00000000 00:00 0 
ebf00000-f4200000 rw-p 00000000 00:00 0 
f8d80000-100000000 ---p 00000000 00:00 0 
100000000-100220000 rw-p 00000000 00:00 0 
100220000-140000000 ---p 00000000 00:00 0 
7fbbfc000000-7fbbfc021000 rw-p 00000000 00:00 0 
7fbbfc021000-7fbc00000000 ---p 00000000 00:00 0 
7fbc00000000-7fbc003fe000 rw-p 00000000 00:00 0 
7fbc003fe000-7fbc04000000 ---p 00000000 00:00 0 
7fbc04000000-7fbc04025000 rw-p 00000000 00:00 0 
7fbc04025000-7fbc08000000 ---p 00000000 00:00 0 
7fbc0aa4c000-7fbc0aa4f000 ---p 00000000 00:00 0 
7fbc0aa4f000-7fbc0ab4d000 rw-p 00000000 00:00 0 
7fbc0ab4d000-7fbc0ab50000 ---p 00000000 00:00 0 
7fbc0ab50000-7fbc0ac4e000 rw-p 00000000 00:00 0 
7fbc0ac4e000-7fbc0ac51000 ---p 00000000 00:00 0 
7fbc0ac51000-7fbc0af0f000 rw-p 00000000 00:00 0 
7fbc0af0f000-7fbc0af4f000 ---p 00000000 00:00 0 
7fbc0af4f000-7fbc0af52000 ---p 00000000 00:00 0 
7fbc0af52000-7fbc0b050000 rw-p 00000000 00:00 0                          [stack:17336]
7fbc0b050000-7fbc0b0b9000 r-xp 00000000 08:06 136782                     /home/turner/Downloads/eclipse/jre/lib/amd64/libt2k.so
7fbc0b0b9000-7fbc0b2b8000 ---p 00069000 08:06 136782                     /home/turner/Downloads/eclipse/jre/lib/amd64/libt2k.so
7fbc0b2b8000-7fbc0b2bf000 rw-p 00068000 08:06 136782                     /home/turner/Downloads/eclipse/jre/lib/amd64/libt2k.so
7fbc0b2bf000-7fbc0b2cf000 rw-p 00000000 00:00 0 
7fbc0b2cf000-7fbc0b2e0000 r-xp 00000000 08:06 136760                     /home/turner/Downloads/eclipse/jre/lib/amd64/libnio.so
7fbc0b2e0000-7fbc0b4df000 ---p 00011000 08:06 136760                     /home/turner/Downloads/eclipse/jre/lib/amd64/libnio.so
7fbc0b4df000-7fbc0b4e0000 rw-p 00010000 08:06 136760                     /home/turner/Downloads/eclipse/jre/lib/amd64/libnio.so
7fbc0b4e0000-7fbc0b4f6000 r-xp 00000000 08:06 136786                     /home/turner/Downloads/eclipse/jre/lib/amd64/libnet.so
7fbc0b4f6000-7fbc0b6f6000 ---p 00016000 08:06 136786                     /home/turner/Downloads/eclipse/jre/lib/amd64/libnet.so
7fbc0b6f6000-7fbc0b6f7000 rw-p 00016000 08:06 136786                     /home/turner/Downloads/eclipse/jre/lib/amd64/libnet.so
7fbc0b6f7000-7fbc0b8f7000 rw-p 00000000 00:00 0 
7fbc0b8f7000-7fbc0baf7000 rw-p 00000000 00:00 0 
7fbc0baf7000-7fbc0bafa000 ---p 00000000 00:00 0 
7fbc0bafa000-7fbc0bbf8000 rw-p 00000000 00:00 0 
7fbc0bbf8000-7fbc0bbfb000 ---p 00000000 00:00 0 
7fbc0bbfb000-7fbc0bcf9000 rw-p 00000000 00:00 0                          [stack:17334]
7fbc0bcf9000-7fbc0bcfc000 ---p 00000000 00:00 0 
7fbc0bcfc000-7fbc0bdfa000 rw-p 00000000 00:00 0                          [stack:17333]
7fbc0bdfa000-7fbc0bdff000 r-xp 00000000 08:06 271735                     /usr/lib/x86_64-linux-gnu/libXfixes.so.3.1.0
7fbc0bdff000-7fbc0bffe000 ---p 00005000 08:06 271735                     /usr/lib/x86_64-linux-gnu/libXfixes.so.3.1.0
7fbc0bffe000-7fbc0bfff000 r--p 00004000 08:06 271735                     /usr/lib/x86_64-linux-gnu/libXfixes.so.3.1.0
7fbc0bfff000-7fbc0c000000 rw-p 00005000 08:06 271735                     /usr/lib/x86_64-linux-gnu/libXfixes.so.3.1.0
7fbc0c000000-7fbc0c021000 rw-p 00000000 00:00 0 
7fbc0c021000-7fbc10000000 ---p 00000000 00:00 0 
7fbc10000000-7fbc10021000 rw-p 00000000 00:00 0 
7fbc10021000-7fbc14000000 ---p 00000000 00:00 0 
7fbc14000000-7fbc146ce000 rw-p 00000000 00:00 0 
7fbc146ce000-7fbc18000000 ---p 00000000 00:00 0 
7fbc18000000-7fbc18021000 rw-p 00000000 00:00 0 
7fbc18021000-7fbc1c000000 ---p 00000000 00:00 0 
7fbc1c000000-7fbc1c021000 rw-p 00000000 00:00 0 
7fbc1c021000-7fbc20000000 ---p 00000000 00:00 0 
7fbc20000000-7fbc20204000 rw-p 00000000 00:00 0 
7fbc20204000-7fbc24000000 ---p 00000000 00:00 0 
7fbc24000000-7fbc24021000 rw-p 00000000 00:00 0 
7fbc24021000-7fbc28000000 ---p 00000000 00:00 0 
7fbc28000000-7fbc28021000 rw-p 00000000 00:00 0 
7fbc28021000-7fbc2c000000 ---p 00000000 00:00 0 
7fbc2c000000-7fbc2c021000 rw-p 00000000 00:00 0 
7fbc2c021000-7fbc30000000 ---p 00000000 00:00 0 
7fbc30000000-7fbc30291000 rw-p 00000000 00:00 0 
7fbc30291000-7fbc34000000 ---p 00000000 00:00 0 
7fbc34000000-7fbc34021000 rw-p 00000000 00:00 0 
7fbc34021000-7fbc38000000 ---p 00000000 00:00 0 
7fbc3803a000-7fbc3804d000 r--s 00344000 08:06 136734                     /home/turner/Downloads/eclipse/jre/lib/resources.jar
7fbc3804d000-7fbc38069000 r--s 00393000 08:06 136845                     /home/turner/Downloads/eclipse/jre/lib/ext/cldrdata.jar
7fbc38069000-7fbc38087000 r--s 00151000 08:06 159540                     /home/turner/git/XPA/lib/poi-3.5-beta4-20081128.jar
7fbc38087000-7fbc3808a000 ---p 00000000 00:00 0 
7fbc3808a000-7fbc38188000 rw-p 00000000 00:00 0                          [stack:17332]
7fbc38188000-7fbc38191000 r-xp 00000000 08:06 271727                     /usr/lib/x86_64-linux-gnu/libXcursor.so.1.0.2
7fbc38191000-7fbc38390000 ---p 00009000 08:06 271727                     /usr/lib/x86_64-linux-gnu/libXcursor.so.1.0.2
7fbc38390000-7fbc38391000 r--p 00008000 08:06 271727                     /usr/lib/x86_64-linux-gnu/libXcursor.so.1.0.2
7fbc38391000-7fbc38392000 rw-p 00009000 08:06 271727                     /usr/lib/x86_64-linux-gnu/libXcursor.so.1.0.2
7fbc38392000-7fbc38395000 ---p 00000000 00:00 0 
7fbc38395000-7fbc38493000 rw-p 00000000 00:00 0                          [stack:17331]
7fbc38493000-7fbc384a9000 r-xp 00000000 08:06 918375                     /lib/x86_64-linux-gnu/libgcc_s.so.1
7fbc384a9000-7fbc386a8000 ---p 00016000 08:06 918375                     /lib/x86_64-linux-gnu/libgcc_s.so.1
7fbc386a8000-7fbc386a9000 rw-p 00015000 08:06 918375                     /lib/x86_64-linux-gnu/libgcc_s.so.1
7fbc386a9000-7fbc3870e000 r-xp 00000000 08:06 136816                     /home/turner/Downloads/eclipse/jre/lib/amd64/libfontmanager.so
7fbc3870e000-7fbc3890d000 ---p 00065000 08:06 136816                     /home/turner/Downloads/eclipse/jre/lib/amd64/libfontmanager.so
7fbc3890d000-7fbc38912000 rw-p 00064000 08:06 136816                     /home/turner/Downloads/eclipse/jre/lib/amd64/libfontmanager.so
7fbc38912000-7fbc38922000 rw-p 00000000 00:00 0 
7fbc38922000-7fbc38927000 r-xp 00000000 08:06 271731                     /usr/lib/x86_64-linux-gnu/libXdmcp.so.6.0.0
7fbc38927000-7fbc38b26000 ---p 00005000 08:06 271731                     /usr/lib/x86_64-linux-gnu/libXdmcp.so.6.0.0
7fbc38b26000-7fbc38b27000 r--p 00004000 08:06 271731                     /usr/lib/x86_64-linux-gnu/libXdmcp.so.6.0.0
7fbc38b27000-7fbc38b28000 rw-p 00005000 08:06 271731                     /usr/lib/x86_64-linux-gnu/libXdmcp.so.6.0.0
7fbc38b28000-7fbc38b2a000 r-xp 00000000 08:06 271720                     /usr/lib/x86_64-linux-gnu/libXau.so.6.0.0
7fbc38b2a000-7fbc38d2a000 ---p 00002000 08:06 271720                     /usr/lib/x86_64-linux-gnu/libXau.so.6.0.0
7fbc38d2a000-7fbc38d2b000 r--p 00002000 08:06 271720                     /usr/lib/x86_64-linux-gnu/libXau.so.6.0.0
7fbc38d2b000-7fbc38d2c000 rw-p 00003000 08:06 271720                     /usr/lib/x86_64-linux-gnu/libXau.so.6.0.0
7fbc38d2c000-7fbc38d49000 r-xp 00000000 08:06 272790                     /usr/lib/x86_64-linux-gnu/libxcb.so.1.1.0
7fbc38d49000-7fbc38f49000 ---p 0001d000 08:06 272790                     /usr/lib/x86_64-linux-gnu/libxcb.so.1.1.0
7fbc38f49000-7fbc38f4a000 r--p 0001d000 08:06 272790                     /usr/lib/x86_64-linux-gnu/libxcb.so.1.1.0
7fbc38f4a000-7fbc38f4b000 rw-p 0001e000 08:06 272790                     /usr/lib/x86_64-linux-gnu/libxcb.so.1.1.0
7fbc38f4b000-7fbc38f5a000 r-xp 00000000 08:06 271741                     /usr/lib/x86_64-linux-gnu/libXi.so.6.1.0
7fbc38f5a000-7fbc39159000 ---p 0000f000 08:06 271741                     /usr/lib/x86_64-linux-gnu/libXi.so.6.1.0
7fbc39159000-7fbc3915a000 r--p 0000e000 08:06 271741                     /usr/lib/x86_64-linux-gnu/libXi.so.6.1.0
7fbc3915a000-7fbc3915b000 rw-p 0000f000 08:06 271741                     /usr/lib/x86_64-linux-gnu/libXi.so.6.1.0
7fbc3915b000-7fbc39160000 r-xp 00000000 08:06 271761                     /usr/lib/x86_64-linux-gnu/libXtst.so.6.1.0
7fbc39160000-7fbc3935f000 ---p 00005000 08:06 271761                     /usr/lib/x86_64-linux-gnu/libXtst.so.6.1.0
7fbc3935f000-7fbc39360000 r--p 00004000 08:06 271761                     /usr/lib/x86_64-linux-gnu/libXtst.so.6.1.0
7fbc39360000-7fbc39361000 rw-p 00005000 08:06 271761                     /usr/lib/x86_64-linux-gnu/libXtst.so.6.1.0
7fbc39361000-7fbc3936a000 r-xp 00000000 08:06 271755                     /usr/lib/x86_64-linux-gnu/libXrender.so.1.3.0
7fbc3936a000-7fbc39569000 ---p 00009000 08:06 271755                     /usr/lib/x86_64-linux-gnu/libXrender.so.1.3.0
7fbc39569000-7fbc3956a000 r--p 00008000 08:06 271755                     /usr/lib/x86_64-linux-gnu/libXrender.so.1.3.0
7fbc3956a000-7fbc3956b000 rw-p 00009000 08:06 271755                     /usr/lib/x86_64-linux-gnu/libXrender.so.1.3.0
7fbc3956b000-7fbc3969b000 r-xp 00000000 08:06 271716                     /usr/lib/x86_64-linux-gnu/libX11.so.6.3.0
7fbc3969b000-7fbc3989b000 ---p 00130000 08:06 271716                     /usr/lib/x86_64-linux-gnu/libX11.so.6.3.0
7fbc3989b000-7fbc3989c000 r--p 00130000 08:06 271716                     /usr/lib/x86_64-linux-gnu/libX11.so.6.3.0
7fbc3989c000-7fbc398a0000 rw-p 00131000 08:06 271716                     /usr/lib/x86_64-linux-gnu/libX11.so.6.3.0
7fbc398a0000-7fbc398b1000 r-xp 00000000 08:06 271733                     /usr/lib/x86_64-linux-gnu/libXext.so.6.4.0
7fbc398b1000-7fbc39ab0000 ---p 00011000 08:06 271733                     /usr/lib/x86_64-linux-gnu/libXext.so.6.4.0
7fbc39ab0000-7fbc39ab1000 r--p 00010000 08:06 271733                     /usr/lib/x86_64-linux-gnu/libXext.so.6.4.0
7fbc39ab1000-7fbc39ab2000 rw-p 00011000 08:06 271733                     /usr/lib/x86_64-linux-gnu/libXext.so.6.4.0
7fbc39abd000-7fbc39ac8000 r--s 00116000 08:06 136843                     /home/turner/Downloads/eclipse/jre/lib/ext/localedata.jar
7fbc39ac8000-7fbc39b1c000 r-xp 00000000 08:06 136757                     /home/turner/Downloads/eclipse/jre/lib/amd64/libawt_xawt.so
7fbc39b1c000-7fbc39d1c000 ---p 00054000 08:06 136757                     /home/turner/Downloads/eclipse/jre/lib/amd64/libawt_xawt.so
7fbc39d1c000-7fbc39d20000 rw-p 00054000 08:06 136757                     /home/turner/Downloads/eclipse/jre/lib/amd64/libawt_xawt.so
7fbc39d20000-7fbc39d21000 rw-p 00000000 00:00 0 
7fbc39d21000-7fbc39dc3000 r-xp 00000000 08:06 136793                     /home/turner/Downloads/eclipse/jre/lib/amd64/libawt.so
7fbc39dc3000-7fbc39fc3000 ---p 000a2000 08:06 136793                     /home/turner/Downloads/eclipse/jre/lib/amd64/libawt.so
7fbc39fc3000-7fbc39fcf000 rw-p 000a2000 08:06 136793                     /home/turner/Downloads/eclipse/jre/lib/amd64/libawt.so
7fbc39fcf000-7fbc39ff3000 rw-p 00000000 00:00 0 
7fbc39ff3000-7fbc39ff4000 ---p 00000000 00:00 0 
7fbc39ff4000-7fbc3a0f4000 rw-p 00000000 00:00 0                          [stack:17328]
7fbc3a0f4000-7fbc3a0f7000 ---p 00000000 00:00 0 
7fbc3a0f7000-7fbc3a1f5000 rw-p 00000000 00:00 0                          [stack:17327]
7fbc3a1f5000-7fbc3a1f8000 ---p 00000000 00:00 0 
7fbc3a1f8000-7fbc3a2f6000 rw-p 00000000 00:00 0                          [stack:17326]
7fbc3a2f6000-7fbc3a2f9000 ---p 00000000 00:00 0 
7fbc3a2f9000-7fbc3a3f7000 rw-p 00000000 00:00 0                          [stack:17325]
7fbc3a3f7000-7fbc3a3fa000 ---p 00000000 00:00 0 
7fbc3a3fa000-7fbc3a4f8000 rw-p 00000000 00:00 0                          [stack:17324]
7fbc3a4f8000-7fbc3abda000 r--p 00000000 08:06 269760                     /usr/lib/locale/locale-archive
7fbc3abda000-7fbc3abdd000 ---p 00000000 00:00 0 
7fbc3abdd000-7fbc3acdb000 rw-p 00000000 00:00 0                          [stack:17323]
7fbc3acdb000-7fbc3acde000 ---p 00000000 00:00 0 
7fbc3acde000-7fbc3addc000 rw-p 00000000 00:00 0                          [stack:17322]
7fbc3addc000-7fbc3addd000 ---p 00000000 00:00 0 
7fbc3addd000-7fbc3d000000 rw-p 00000000 00:00 0                          [stack:17321]
7fbc3d000000-7fbc3d4a0000 rwxp 00000000 00:00 0 
7fbc3d4a0000-7fbc4c000000 ---p 00000000 00:00 0 
7fbc4c000000-7fbc4c1ce000 rw-p 00000000 00:00 0 
7fbc4c1ce000-7fbc50000000 ---p 00000000 00:00 0 
7fbc50006000-7fbc50007000 rw-p 00000000 00:00 0 
7fbc50007000-7fbc50012000 r--s 000b5000 08:06 139821                     /home/turner/git/XPA/lib/poi-scratchpad-3.5-beta4-20081128.jar
7fbc50012000-7fbc50688000 rw-p 00000000 00:00 0 
7fbc50688000-7fbc50861000 r--s 03d09000 08:06 136740                     /home/turner/Downloads/eclipse/jre/lib/rt.jar
7fbc50861000-7fbc512b9000 rw-p 00000000 00:00 0 
7fbc512b9000-7fbc512ba000 ---p 00000000 00:00 0 
7fbc512ba000-7fbc513ba000 rw-p 00000000 00:00 0                          [stack:17320]
7fbc513ba000-7fbc513bb000 ---p 00000000 00:00 0 
7fbc513bb000-7fbc514d0000 rw-p 00000000 00:00 0                          [stack:17319]
7fbc514d0000-7fbc515fd000 ---p 00000000 00:00 0 
7fbc515fd000-7fbc51612000 rw-p 00000000 00:00 0 
7fbc51612000-7fbc5173e000 ---p 00000000 00:00 0 
7fbc5173e000-7fbc51780000 rw-p 00000000 00:00 0 
7fbc51780000-7fbc517df000 ---p 00000000 00:00 0 
7fbc517df000-7fbc517f3000 rw-p 00000000 00:00 0 
7fbc517f3000-7fbc51ba0000 ---p 00000000 00:00 0 
7fbc51ba0000-7fbc51bba000 r-xp 00000000 08:06 136765                     /home/turner/Downloads/eclipse/jre/lib/amd64/libzip.so
7fbc51bba000-7fbc51dba000 ---p 0001a000 08:06 136765                     /home/turner/Downloads/eclipse/jre/lib/amd64/libzip.so
7fbc51dba000-7fbc51dbb000 rw-p 0001a000 08:06 136765                     /home/turner/Downloads/eclipse/jre/lib/amd64/libzip.so
7fbc51dbb000-7fbc51dc6000 r-xp 00000000 08:06 918423                     /lib/x86_64-linux-gnu/libnss_files-2.19.so
7fbc51dc6000-7fbc51fc5000 ---p 0000b000 08:06 918423                     /lib/x86_64-linux-gnu/libnss_files-2.19.so
7fbc51fc5000-7fbc51fc6000 r--p 0000a000 08:06 918423                     /lib/x86_64-linux-gnu/libnss_files-2.19.so
7fbc51fc6000-7fbc51fc7000 rw-p 0000b000 08:06 918423                     /lib/x86_64-linux-gnu/libnss_files-2.19.so
7fbc51fc7000-7fbc51fd2000 r-xp 00000000 08:06 918433                     /lib/x86_64-linux-gnu/libnss_nis-2.19.so
7fbc51fd2000-7fbc521d1000 ---p 0000b000 08:06 918433                     /lib/x86_64-linux-gnu/libnss_nis-2.19.so
7fbc521d1000-7fbc521d2000 r--p 0000a000 08:06 918433                     /lib/x86_64-linux-gnu/libnss_nis-2.19.so
7fbc521d2000-7fbc521d3000 rw-p 0000b000 08:06 918433                     /lib/x86_64-linux-gnu/libnss_nis-2.19.so
7fbc521d3000-7fbc521ea000 r-xp 00000000 08:06 918417                     /lib/x86_64-linux-gnu/libnsl-2.19.so
7fbc521ea000-7fbc523e9000 ---p 00017000 08:06 918417                     /lib/x86_64-linux-gnu/libnsl-2.19.so
7fbc523e9000-7fbc523ea000 r--p 00016000 08:06 918417                     /lib/x86_64-linux-gnu/libnsl-2.19.so
7fbc523ea000-7fbc523eb000 rw-p 00017000 08:06 918417                     /lib/x86_64-linux-gnu/libnsl-2.19.so
7fbc523eb000-7fbc523ed000 rw-p 00000000 00:00 0 
7fbc523ed000-7fbc523f6000 r-xp 00000000 08:06 918419                     /lib/x86_64-linux-gnu/libnss_compat-2.19.so
7fbc523f6000-7fbc525f5000 ---p 00009000 08:06 918419                     /lib/x86_64-linux-gnu/libnss_compat-2.19.so
7fbc525f5000-7fbc525f6000 r--p 00008000 08:06 918419                     /lib/x86_64-linux-gnu/libnss_compat-2.19.so
7fbc525f6000-7fbc525f7000 rw-p 00009000 08:06 918419                     /lib/x86_64-linux-gnu/libnss_compat-2.19.so
7fbc525f7000-7fbc52621000 r-xp 00000000 08:06 136758                     /home/turner/Downloads/eclipse/jre/lib/amd64/libjava.so
7fbc52621000-7fbc52821000 ---p 0002a000 08:06 136758                     /home/turner/Downloads/eclipse/jre/lib/amd64/libjava.so
7fbc52821000-7fbc52823000 rw-p 0002a000 08:06 136758                     /home/turner/Downloads/eclipse/jre/lib/amd64/libjava.so
7fbc52823000-7fbc52830000 r-xp 00000000 08:06 136800                     /home/turner/Downloads/eclipse/jre/lib/amd64/libverify.so
7fbc52830000-7fbc52a30000 ---p 0000d000 08:06 136800                     /home/turner/Downloads/eclipse/jre/lib/amd64/libverify.so
7fbc52a30000-7fbc52a32000 rw-p 0000d000 08:06 136800                     /home/turner/Downloads/eclipse/jre/lib/amd64/libverify.so
7fbc52a32000-7fbc52a39000 r-xp 00000000 08:06 918476                     /lib/x86_64-linux-gnu/librt-2.19.so
7fbc52a39000-7fbc52c38000 ---p 00007000 08:06 918476                     /lib/x86_64-linux-gnu/librt-2.19.so
7fbc52c38000-7fbc52c39000 r--p 00006000 08:06 918476                     /lib/x86_64-linux-gnu/librt-2.19.so
7fbc52c39000-7fbc52c3a000 rw-p 00007000 08:06 918476                     /lib/x86_64-linux-gnu/librt-2.19.so
7fbc52c3a000-7fbc52d3f000 r-xp 00000000 08:06 918398                     /lib/x86_64-linux-gnu/libm-2.19.so
7fbc52d3f000-7fbc52f3e000 ---p 00105000 08:06 918398                     /lib/x86_64-linux-gnu/libm-2.19.so
7fbc52f3e000-7fbc52f3f000 r--p 00104000 08:06 918398                     /lib/x86_64-linux-gnu/libm-2.19.so
7fbc52f3f000-7fbc52f40000 rw-p 00105000 08:06 918398                     /lib/x86_64-linux-gnu/libm-2.19.so
7fbc52f40000-7fbc53bee000 r-xp 00000000 08:06 136806                     /home/turner/Downloads/eclipse/jre/lib/amd64/server/libjvm.so
7fbc53bee000-7fbc53ded000 ---p 00cae000 08:06 136806                     /home/turner/Downloads/eclipse/jre/lib/amd64/server/libjvm.so
7fbc53ded000-7fbc53ec4000 rw-p 00cad000 08:06 136806                     /home/turner/Downloads/eclipse/jre/lib/amd64/server/libjvm.so
7fbc53ec4000-7fbc53f08000 rw-p 00000000 00:00 0 
7fbc53f08000-7fbc540c4000 r-xp 00000000 08:06 918348                     /lib/x86_64-linux-gnu/libc-2.19.so
7fbc540c4000-7fbc542c3000 ---p 001bc000 08:06 918348                     /lib/x86_64-linux-gnu/libc-2.19.so
7fbc542c3000-7fbc542c7000 r--p 001bb000 08:06 918348                     /lib/x86_64-linux-gnu/libc-2.19.so
7fbc542c7000-7fbc542c9000 rw-p 001bf000 08:06 918348                     /lib/x86_64-linux-gnu/libc-2.19.so
7fbc542c9000-7fbc542ce000 rw-p 00000000 00:00 0 
7fbc542ce000-7fbc542d1000 r-xp 00000000 08:06 918365                     /lib/x86_64-linux-gnu/libdl-2.19.so
7fbc542d1000-7fbc544d0000 ---p 00003000 08:06 918365                     /lib/x86_64-linux-gnu/libdl-2.19.so
7fbc544d0000-7fbc544d1000 r--p 00002000 08:06 918365                     /lib/x86_64-linux-gnu/libdl-2.19.so
7fbc544d1000-7fbc544d2000 rw-p 00003000 08:06 918365                     /lib/x86_64-linux-gnu/libdl-2.19.so
7fbc544d2000-7fbc544e7000 r-xp 00000000 08:06 136767                     /home/turner/Downloads/eclipse/jre/lib/amd64/jli/libjli.so
7fbc544e7000-7fbc546e7000 ---p 00015000 08:06 136767                     /home/turner/Downloads/eclipse/jre/lib/amd64/jli/libjli.so
7fbc546e7000-7fbc546e8000 rw-p 00015000 08:06 136767                     /home/turner/Downloads/eclipse/jre/lib/amd64/jli/libjli.so
7fbc546e8000-7fbc54701000 r-xp 00000000 08:06 918468                     /lib/x86_64-linux-gnu/libpthread-2.19.so
7fbc54701000-7fbc54900000 ---p 00019000 08:06 918468                     /lib/x86_64-linux-gnu/libpthread-2.19.so
7fbc54900000-7fbc54901000 r--p 00018000 08:06 918468                     /lib/x86_64-linux-gnu/libpthread-2.19.so
7fbc54901000-7fbc54902000 rw-p 00019000 08:06 918468                     /lib/x86_64-linux-gnu/libpthread-2.19.so
7fbc54902000-7fbc54906000 rw-p 00000000 00:00 0 
7fbc54906000-7fbc54929000 r-xp 00000000 08:06 918324                     /lib/x86_64-linux-gnu/ld-2.19.so
7fbc54929000-7fbc5492d000 rw-s 00000000 00:04 21463073                   /SYSV00000000 (deleted)
7fbc5492d000-7fbc54931000 r--s 00037000 08:06 167303                     /home/turner/git/XPA/lib/poi-ooxml-3.5-beta4-20081128.jar
7fbc54931000-7fbc54933000 r--s 0000e000 08:06 140492                     /home/turner/git/XPA/lib/poi-contrib-3.5-beta4-20081128.jar
7fbc54933000-7fbc54a0b000 rw-p 00000000 00:00 0 
7fbc54a0b000-7fbc54a0e000 ---p 00000000 00:00 0 
7fbc54a0e000-7fbc54b10000 rw-p 00000000 00:00 0                          [stack:17318]
7fbc54b10000-7fbc54b12000 r--s 00023000 08:06 165573                     /home/turner/git/XPA/lib/jdom-1.1.3.jar
7fbc54b12000-7fbc54b14000 r--s 0000d000 08:06 158444                     /home/turner/git/XPA/lib/commons-logging-1.1.1.jar
7fbc54b14000-7fbc54b16000 r--s 0000c000 08:06 133888                     /home/turner/Downloads/eclipse/plugins/org.hamcrest.core_1.3.0.v201303031735.jar
7fbc54b16000-7fbc54b1c000 r--s 00036000 08:06 134345                     /home/turner/Downloads/eclipse/plugins/org.junit_4.11.0.v201303080030/junit.jar
7fbc54b1c000-7fbc54b24000 rw-s 00000000 08:06 813270                     /tmp/hsperfdata_root/17312
7fbc54b24000-7fbc54b25000 rw-p 00000000 00:00 0 
7fbc54b25000-7fbc54b26000 ---p 00000000 00:00 0 
7fbc54b26000-7fbc54b28000 rw-p 00000000 00:00 0 
7fbc54b28000-7fbc54b29000 r--p 00022000 08:06 918324                     /lib/x86_64-linux-gnu/ld-2.19.so
7fbc54b29000-7fbc54b2a000 rw-p 00023000 08:06 918324                     /lib/x86_64-linux-gnu/ld-2.19.so
7fbc54b2a000-7fbc54b2b000 rw-p 00000000 00:00 0 
7fffc2e1d000-7fffc2e3e000 rw-p 00000000 00:00 0                          [stack]
7fffc2ef3000-7fffc2ef5000 r-xp 00000000 00:00 0                          [vdso]
ffffffffff600000-ffffffffff601000 r-xp 00000000 00:00 0                  [vsyscall]

VM Arguments:
jvm_args: -Dfile.encoding=UTF-8 
java_command: org.sag.gui.XPA
java_class_path (initial): /home/turner/git/XPA/bin:/home/turner/Downloads/eclipse/plugins/org.junit_4.11.0.v201303080030/junit.jar:/home/turner/Downloads/eclipse/plugins/org.hamcrest.core_1.3.0.v201303031735.jar:/home/turner/git/XPA/lib/commons-logging-1.1.1.jar:/home/turner/git/XPA/lib/jdom-1.1.3.jar:/home/turner/git/XPA/lib/poi-3.5-beta4-20081128.jar:/home/turner/git/XPA/lib/poi-contrib-3.5-beta4-20081128.jar:/home/turner/git/XPA/lib/poi-ooxml-3.5-beta4-20081128.jar:/home/turner/git/XPA/lib/poi-scratchpad-3.5-beta4-20081128.jar
Launcher Type: SUN_STANDARD

Environment Variables:
PATH=/usr/local/sbin:/usr/local/bin:/usr/sbin:/usr/bin:/sbin:/bin:/usr/games:/usr/local/games
USERNAME=root
SHELL=/bin/bash
DISPLAY=:0

Signal Handlers:
SIGSEGV: [libjvm.so+0xaad1e0], sa_mask[0]=11111111011111111101111111111110, sa_flags=SA_RESTART|SA_SIGINFO
SIGBUS: [libjvm.so+0xaad1e0], sa_mask[0]=11111111011111111101111111111110, sa_flags=SA_RESTART|SA_SIGINFO
SIGFPE: [libjvm.so+0x90b450], sa_mask[0]=11111111011111111101111111111110, sa_flags=SA_RESTART|SA_SIGINFO
SIGPIPE: [libjvm.so+0x90b450], sa_mask[0]=11111111011111111101111111111110, sa_flags=SA_RESTART|SA_SIGINFO
SIGXFSZ: [libjvm.so+0x90b450], sa_mask[0]=11111111011111111101111111111110, sa_flags=SA_RESTART|SA_SIGINFO
SIGILL: [libjvm.so+0x90b450], sa_mask[0]=11111111011111111101111111111110, sa_flags=SA_RESTART|SA_SIGINFO
SIGUSR1: SIG_DFL, sa_mask[0]=00000000000000000000000000000000, sa_flags=none
SIGUSR2: [libjvm.so+0x90ca90], sa_mask[0]=00100000000000000000000000000000, sa_flags=SA_RESTART|SA_SIGINFO
SIGHUP: [libjvm.so+0x90dde0], sa_mask[0]=11111111011111111101111111111110, sa_flags=SA_RESTART|SA_SIGINFO
SIGINT: [libjvm.so+0x90dde0], sa_mask[0]=11111111011111111101111111111110, sa_flags=SA_RESTART|SA_SIGINFO
SIGTERM: [libjvm.so+0x90dde0], sa_mask[0]=11111111011111111101111111111110, sa_flags=SA_RESTART|SA_SIGINFO
SIGQUIT: [libjvm.so+0x90dde0], sa_mask[0]=11111111011111111101111111111110, sa_flags=SA_RESTART|SA_SIGINFO


---------------  S Y S T E M  ---------------

OS:DISTRIB_ID=Ubuntu
DISTRIB_RELEASE=14.04
DISTRIB_CODENAME=trusty
DISTRIB_DESCRIPTION="Ubuntu 14.04.1 LTS"

uname:Linux 3.13.0-32-generic #57-Ubuntu SMP Tue Jul 15 03:51:08 UTC 2014 x86_64
libc:glibc 2.19 NPTL 2.19 
rlimit: STACK 8192k, CORE 0k, NPROC 30628, NOFILE 4096, AS infinity
load average:3.59 1.00 0.47

/proc/meminfo:
MemTotal:        3942020 kB
MemFree:          107500 kB
Buffers:             304 kB
Cached:           405376 kB
SwapCached:            0 kB
Active:          3261220 kB
Inactive:         379808 kB
Active(anon):    3259980 kB
Inactive(anon):   348952 kB
Active(file):       1240 kB
Inactive(file):    30856 kB
Unevictable:          32 kB
Mlocked:              32 kB
SwapTotal:             0 kB
SwapFree:              0 kB
Dirty:               224 kB
Writeback:             0 kB
AnonPages:       3235472 kB
Mapped:            72412 kB
Shmem:            373444 kB
Slab:              55904 kB
SReclaimable:      23868 kB
SUnreclaim:        32036 kB
KernelStack:        4352 kB
PageTables:        39828 kB
NFS_Unstable:          0 kB
Bounce:                0 kB
WritebackTmp:          0 kB
CommitLimit:     1971008 kB
Committed_AS:    6943204 kB
VmallocTotal:   34359738367 kB
VmallocUsed:      346356 kB
VmallocChunk:   34359324652 kB
HardwareCorrupted:     0 kB
AnonHugePages:   1026048 kB
HugePages_Total:       0
HugePages_Free:        0
HugePages_Rsvd:        0
HugePages_Surp:        0
Hugepagesize:       2048 kB
DirectMap4k:       51624 kB
DirectMap2M:     4036608 kB


CPU:total 2 (2 cores per cpu, 1 threads per core) family 6 model 23 stepping 6, cmov, cx8, fxsr, mmx, sse, sse2, sse3, ssse3, sse4.1, tsc

/proc/cpuinfo:
processor	: 0
vendor_id	: GenuineIntel
cpu family	: 6
model		: 23
model name	: Intel(R) Core(TM)2 Duo CPU     P8600  @ 2.40GHz
stepping	: 6
microcode	: 0x60c
cpu MHz		: 2401.000
cache size	: 3072 KB
physical id	: 0
siblings	: 2
core id		: 0
cpu cores	: 2
apicid		: 0
initial apicid	: 0
fpu		: yes
fpu_exception	: yes
cpuid level	: 10
wp		: yes
flags		: fpu vme de pse tsc msr pae mce cx8 apic sep mtrr pge mca cmov pat pse36 clflush dts acpi mmx fxsr sse sse2 ss ht tm pbe syscall nx lm constant_tsc arch_perfmon pebs bts nopl aperfmperf pni dtes64 monitor ds_cpl vmx smx est tm2 ssse3 cx16 xtpr pdcm sse4_1 lahf_lm dtherm tpr_shadow vnmi flexpriority
bogomips	: 4788.10
clflush size	: 64
cache_alignment	: 64
address sizes	: 36 bits physical, 48 bits virtual
power management:

processor	: 1
vendor_id	: GenuineIntel
cpu family	: 6
model		: 23
model name	: Intel(R) Core(TM)2 Duo CPU     P8600  @ 2.40GHz
stepping	: 6
microcode	: 0x60c
cpu MHz		: 2401.000
cache size	: 3072 KB
physical id	: 0
siblings	: 2
core id		: 1
cpu cores	: 2
apicid		: 1
initial apicid	: 1
fpu		: yes
fpu_exception	: yes
cpuid level	: 10
wp		: yes
flags		: fpu vme de pse tsc msr pae mce cx8 apic sep mtrr pge mca cmov pat pse36 clflush dts acpi mmx fxsr sse sse2 ss ht tm pbe syscall nx lm constant_tsc arch_perfmon pebs bts nopl aperfmperf pni dtes64 monitor ds_cpl vmx smx est tm2 ssse3 cx16 xtpr pdcm sse4_1 lahf_lm dtherm tpr_shadow vnmi flexpriority
bogomips	: 4788.10
clflush size	: 64
cache_alignment	: 64
address sizes	: 36 bits physical, 48 bits virtual
power management:



Memory: 4k page, physical 3942020k(107500k free), swap 0k(0k free)

vm_info: Java HotSpot(TM) 64-Bit Server VM (25.45-b02) for linux-amd64 JRE (1.8.0_45-b14), built on Apr 10 2015 10:07:45 by "java_re" with gcc 4.3.0 20080428 (Red Hat 4.3.0-8)

time: Fri Jul 17 15:21:18 2015
elapsed time: 25 seconds (0d 0h 0m 25s)

